2019-12-24 22:14:31.301 [main] INFO  - Loading §anukkit.yml§f ...
2019-12-24 22:14:31.834 [main] INFO  - Loading §aserver.properties§f ...
2019-12-24 22:14:32.165 [main] INFO  - Selected English (eng) as the base language
2019-12-24 22:14:32.410 [main] INFO  - Starting Minecraft: BE server version §bv1.14.0§r
2019-12-24 22:14:32.710 [main] INFO  - Selected Zlib Provider: 2 (cn.nukkit.utils.ZlibThreadLocal)
2019-12-24 22:14:33.714 [main] INFO  - Opening server on 0.0.0.0:19132
2019-12-24 22:14:34.101 [main] INFO  - This server is running Nukkit version §egit-8088000§f "§b§f" (API 1.0.9)
2019-12-24 22:14:34.127 [main] INFO  - Nukkit is distributed under the LGPL License
2019-12-24 22:14:37.603 [main] INFO  - Loading recipes...
2019-12-24 22:14:38.163 [main] INFO  - Loaded 1320 recipes.
2019-12-24 22:14:38.177 [main] INFO  - Successfully loaded 0 resource packs
2019-12-24 22:14:38.384 [main] INFO  - Loading AutoCleaner v1.0.1
2019-12-24 22:14:38.426 [main] INFO  - Loading CustomEnchantsNK v1.0.0-beta3
2019-12-24 22:14:38.501 [main] INFO  - Loading DiscordChat v2.0-beta
2019-12-24 22:14:38.528 [main] INFO  - Loading EconomyAPI v2.0.1
2019-12-24 22:14:38.600 [main] INFO  - Loading EconomyJob v1.0
2019-12-24 22:14:38.649 [main] INFO  - Loading EssentialsNK v1.8.0
2019-12-24 22:14:38.716 [main] INFO  - Loading Factions v1.7.0
2019-12-24 22:14:38.760 [RakNet Thread #14] INFO  - Epoll Status is false
2019-12-24 22:14:38.813 [main] INFO  - Loading FakeInventories v1.0.3
2019-12-24 22:14:38.936 [main] INFO  - Loading FastAsyncWorldEdit v19.03.29-d13b946-1257-22.0.14
2019-12-24 22:14:39.535 [main] INFO  - Loading KotlinLib v1.1
2019-12-24 22:14:39.643 [main] INFO  - Loading LoveRTP v1
2019-12-24 22:14:39.720 [main] INFO  - Loading MultiWorld v1.0
2019-12-24 22:14:39.795 [main] INFO  - Loading PlaceholderAPI v1.3.1
2019-12-24 22:14:40.084 [main] INFO  - Loading Pokkit v0.9.1
2019-12-24 22:14:40.286 [main] INFO  - [Pokkit] This server is running Nukkit version v1.14.0 (Implementing API version 1.13.2-R0.1-SNAPSHOT)
2019-12-24 22:14:40.333 [main] INFO  - [Pokkit] Server permissions file C:\Users\Lemon\OneDrive\Documents\Music\Desktop\nukkit\plugins\Pokkit\permissions.yml is empty, ignoring it
2019-12-24 22:14:40.425 [main] INFO  - [Pokkit] [Vault] Enabling Vault v1.7.2-b107
2019-12-24 22:14:40.616 [main] INFO  - [Pokkit] [Vault] [Permission] SuperPermissions loaded as backup permission system.
2019-12-24 22:14:40.711 [main] INFO  - [Pokkit] [Vault] Enabled Version 1.7.2-b107
2019-12-24 22:14:40.720 [main] INFO  - Loading QuickSpawns v1.0
2019-12-24 22:14:40.744 [main] INFO  - [QuickSpawns] Loading QuickSpawns...
2019-12-24 22:14:40.755 [main] INFO  - Loading ReportSystem v1.0-SNAPSHOT
2019-12-24 22:14:40.778 [main] INFO  - Loading SeeInv v1.0
2019-12-24 22:14:40.811 [main] INFO  - Loading SRegionProtector v20.2
2019-12-24 22:14:40.875 [main] INFO  - Loading Trading_Interface v1.0.2
2019-12-24 22:14:40.911 [main] INFO  - Loading ChestShop v1.1.1
2019-12-24 22:14:40.943 [main] INFO  - Loading Holograms v3.1.3
2019-12-24 22:14:40.999 [main] INFO  - [Holograms] Loading characters...
2019-12-24 22:14:41.342 [main] INFO  - [Holograms] Loading config...
2019-12-24 22:14:41.374 [main] INFO  - [Holograms] Loading placeholders
2019-12-24 22:14:41.381 [main] INFO  - [Holograms] Registering default grid sources
2019-12-24 22:14:41.414 [main] INFO  - Loading Multipass v${pom.version}
2019-12-24 22:14:41.434 [main] INFO  - Loading MultiChat v1.0.2
2019-12-24 22:14:41.451 [main] INFO  - Enabling QuickSpawns v1.0
2019-12-24 22:14:41.454 [main] INFO  - [QuickSpawns] Enabling QuickSpawns..
2019-12-24 22:14:41.483 [main] INFO  - Enabling SRegionProtector v20.2
2019-12-24 22:14:41.654 [main] INFO  - [§eSRegionProtector§f] §aData provider was set to YAML
2019-12-24 22:14:41.946 [main] INFO  - [§eSRegionProtector§f] §aLoaded 3 regions and 96 chunks
2019-12-24 22:14:42.193 [main] INFO  - Enabling Holograms v3.1.3
2019-12-24 22:14:42.199 [main] INFO  - [Holograms] Loading grid config...
2019-12-24 22:14:42.218 [main] INFO  - [Holograms] Loading holograms
2019-12-24 22:14:42.407 [main] INFO  - Preparing level "§acruiser§f"
2019-12-24 22:14:42.494 [main] INFO  - Preparing level "§anether§f"
2019-12-24 22:14:42.506 [main] INFO  - Enabling AutoCleaner v1.0.1
2019-12-24 22:14:42.512 [main] INFO  - [AutoCleaner] §2Plugin by Extollite
2019-12-24 22:14:42.530 [main] INFO  - Enabling CustomEnchantsNK v1.0.0-beta3
2019-12-24 22:14:42.592 [main] INFO  - Enabling DiscordChat v2.0-beta
2019-12-24 22:14:47.694 [main] INFO  - Enabling EconomyAPI v2.0.1
2019-12-24 22:14:47.832 [main] WARN  - [EconomyAPI] Data provider was set to: Yaml
2019-12-24 22:14:47.865 [main] INFO  - Enabling EconomyJob v1.0
2019-12-24 22:14:47.956 [main] INFO  - Enabling EssentialsNK v1.8.0
2019-12-24 22:14:48.131 [main] INFO  - [EssentialsNK] EssentialsNK Loaded!
2019-12-24 22:14:48.141 [main] INFO  - Enabling Factions v1.7.0
2019-12-24 22:14:48.149 [main] INFO  - [Factions] [Factions v1.7.0] === ENABLE START ===
2019-12-24 22:14:48.326 [main] INFO  - [Factions] [Factions v1.7.0] Loading board from disk
2019-12-24 22:14:48.424 [main] INFO  - [Factions] [Factions v1.7.0] === ENABLE DONE (Took 257ms) ===
2019-12-24 22:14:48.435 [main] INFO  - Enabling FakeInventories v1.0.3
2019-12-24 22:14:48.463 [main] INFO  - Enabling FastAsyncWorldEdit v19.03.29-d13b946-1257-22.0.14
2019-12-24 22:14:51.974 [main] INFO  - Enabling KotlinLib v1.1
2019-12-24 22:14:51.990 [main] INFO  - Enabling LoveRTP v1
2019-12-24 22:14:52.010 [main] INFO  - §8[§bLoveRTP§8] §rv1§a Enabled
2019-12-24 22:14:52.016 [main] INFO  - Enabling MultiWorld v1.0
2019-12-24 22:14:52.025 [main] INFO  - Enabling PlaceholderAPI v1.3.1
2019-12-24 22:14:52.051 [main] INFO  - Enabling Pokkit v0.9.1
2019-12-24 22:14:52.120 [main] INFO  - Enabling ReportSystem v1.0-SNAPSHOT
2019-12-24 22:14:52.124 [main] INFO  - [ReportSystem] Starting ReportSystem...
2019-12-24 22:14:52.127 [main] INFO  - [ReportSystem] Loading all components...
2019-12-24 22:14:52.159 [main] INFO  - [ReportSystem] Using config...
2019-12-24 22:14:52.167 [main] INFO  - [ReportSystem] §aPlugin successfully started.
2019-12-24 22:14:52.177 [main] INFO  - Enabling SeeInv v1.0
2019-12-24 22:14:52.184 [main] INFO  - Enabling Trading_Interface v1.0.2
2019-12-24 22:14:52.263 [main] INFO  - Enabling ChestShop v1.1.1
2019-12-24 22:14:52.344 [main] INFO  - Enabling Multipass v${pom.version}
2019-12-24 22:14:52.461 [main] INFO  - [Multipass] §aData provider: §2YAML§a
2019-12-24 22:14:52.482 [main] INFO  - Enabling MultiChat v1.0.2
2019-12-24 22:14:53.006 [main] INFO  - Starting GS4 status listener
2019-12-24 22:14:53.012 [main] INFO  - Setting query port to 19132
2019-12-24 22:14:53.017 [main] INFO  - Query is running on 0.0.0.0:19132
2019-12-24 22:14:53.026 [main] INFO  - Default game type: Survival Mode
2019-12-24 22:14:53.034 [main] INFO  - Done (22.003s)! For help, type "help" or "?"
2019-12-24 22:14:57.129 [Nukkit Asynchronous Task Handler #2] INFO  - [Pokkit] [Vault] Checking for Updates ... 
2019-12-24 22:14:57.771 [Nukkit Asynchronous Task Handler #2] INFO  - [Pokkit] [Vault] No new version available
2019-12-24 22:16:03.414 [main] INFO  - §bLemonSqueezy360§f[/192.168.1.254:19133] logged in with entity id 2 at (cruiser, -948.3346, 235.0, -535.1652)
2019-12-24 22:16:09.235 [main] INFO  - §eLemonSqueezy360 joined the game
2019-12-24 22:17:18.000 [main] FATAL - Could not pass event "cn.nukkit.event.player.PlayerFormRespondedEvent" to "ReportSystem v1.0-SNAPSHOT": null on net.llamadevelopment.reportsystem.listeners.FormListener
2019-12-24 22:17:18.014 [main] ERROR - Throwing
cn.nukkit.utils.EventException: null
	at cn.nukkit.plugin.MethodEventExecutor.execute(MethodEventExecutor.java:34) ~[nukkit-357.jar:?]
	at cn.nukkit.plugin.RegisteredListener.callEvent(RegisteredListener.java:56) ~[nukkit-357.jar:?]
	at cn.nukkit.plugin.PluginManager.callEvent(PluginManager.java:546) ~[nukkit-357.jar:?]
	at cn.nukkit.Player.handleDataPacket(Player.java:2609) ~[nukkit-357.jar:?]
	at java.util.ArrayList.forEach(Unknown Source) [?:1.8.0_211]
	at cn.nukkit.network.Network.processPackets(Network.java:197) [nukkit-357.jar:?]
	at cn.nukkit.network.Network.processBatch(Network.java:180) [nukkit-357.jar:?]
	at cn.nukkit.Player.handleDataPacket(Player.java:2092) [nukkit-357.jar:?]
	at cn.nukkit.network.RakNetInterface.handleEncapsulated(RakNetInterface.java:157) [nukkit-357.jar:?]
	at cn.nukkit.raknet.server.ServerHandler.handlePacket(ServerHandler.java:132) [nukkit-357.jar:?]
	at cn.nukkit.network.RakNetInterface.process(RakNetInterface.java:66) [nukkit-357.jar:?]
	at cn.nukkit.network.Network.processInterfaces(Network.java:83) [nukkit-357.jar:?]
	at cn.nukkit.Server.tick(Server.java:1124) [nukkit-357.jar:?]
	at cn.nukkit.Server.tickProcessor(Server.java:903) [nukkit-357.jar:?]
	at cn.nukkit.Server.start(Server.java:880) [nukkit-357.jar:?]
	at cn.nukkit.Server.<init>(Server.java:565) [nukkit-357.jar:?]
	at cn.nukkit.Nukkit.main(Nukkit.java:112) [nukkit-357.jar:?]
Caused by: java.lang.NullPointerException
	at net.llamadevelopment.reportsystem.listeners.FormListener.on(FormListener.java:77) ~[?:?]
	at sun.reflect.NativeMethodAccessorImpl.invoke0(Native Method) ~[?:1.8.0_211]
	at sun.reflect.NativeMethodAccessorImpl.invoke(Unknown Source) ~[?:1.8.0_211]
	at sun.reflect.DelegatingMethodAccessorImpl.invoke(Unknown Source) ~[?:1.8.0_211]
	at java.lang.reflect.Method.invoke(Unknown Source) ~[?:1.8.0_211]
	at cn.nukkit.plugin.MethodEventExecutor.execute(MethodEventExecutor.java:29) ~[nukkit-357.jar:?]
	... 16 more
2019-12-24 22:17:21.703 [main] FATAL - Could not pass event "cn.nukkit.event.player.PlayerFormRespondedEvent" to "ReportSystem v1.0-SNAPSHOT": null on net.llamadevelopment.reportsystem.listeners.FormListener
2019-12-24 22:17:21.712 [main] ERROR - Throwing
cn.nukkit.utils.EventException: null
	at cn.nukkit.plugin.MethodEventExecutor.execute(MethodEventExecutor.java:34) ~[nukkit-357.jar:?]
	at cn.nukkit.plugin.RegisteredListener.callEvent(RegisteredListener.java:56) ~[nukkit-357.jar:?]
	at cn.nukkit.plugin.PluginManager.callEvent(PluginManager.java:546) ~[nukkit-357.jar:?]
	at cn.nukkit.Player.handleDataPacket(Player.java:2609) ~[nukkit-357.jar:?]
	at java.util.ArrayList.forEach(Unknown Source) [?:1.8.0_211]
	at cn.nukkit.network.Network.processPackets(Network.java:197) [nukkit-357.jar:?]
	at cn.nukkit.network.Network.processBatch(Network.java:180) [nukkit-357.jar:?]
	at cn.nukkit.Player.handleDataPacket(Player.java:2092) [nukkit-357.jar:?]
	at cn.nukkit.network.RakNetInterface.handleEncapsulated(RakNetInterface.java:157) [nukkit-357.jar:?]
	at cn.nukkit.raknet.server.ServerHandler.handlePacket(ServerHandler.java:132) [nukkit-357.jar:?]
	at cn.nukkit.network.RakNetInterface.process(RakNetInterface.java:66) [nukkit-357.jar:?]
	at cn.nukkit.network.Network.processInterfaces(Network.java:83) [nukkit-357.jar:?]
	at cn.nukkit.Server.tick(Server.java:1124) [nukkit-357.jar:?]
	at cn.nukkit.Server.tickProcessor(Server.java:903) [nukkit-357.jar:?]
	at cn.nukkit.Server.start(Server.java:880) [nukkit-357.jar:?]
	at cn.nukkit.Server.<init>(Server.java:565) [nukkit-357.jar:?]
	at cn.nukkit.Nukkit.main(Nukkit.java:112) [nukkit-357.jar:?]
Caused by: java.lang.NullPointerException
	at net.llamadevelopment.reportsystem.listeners.FormListener.on(FormListener.java:77) ~[?:?]
	at sun.reflect.NativeMethodAccessorImpl.invoke0(Native Method) ~[?:1.8.0_211]
	at sun.reflect.NativeMethodAccessorImpl.invoke(Unknown Source) ~[?:1.8.0_211]
	at sun.reflect.DelegatingMethodAccessorImpl.invoke(Unknown Source) ~[?:1.8.0_211]
	at java.lang.reflect.Method.invoke(Unknown Source) ~[?:1.8.0_211]
	at cn.nukkit.plugin.MethodEventExecutor.execute(MethodEventExecutor.java:29) ~[nukkit-357.jar:?]
	... 16 more
2019-12-24 22:17:23.055 [main] FATAL - Could not pass event "cn.nukkit.event.player.PlayerFormRespondedEvent" to "ReportSystem v1.0-SNAPSHOT": null on net.llamadevelopment.reportsystem.listeners.FormListener
2019-12-24 22:17:23.065 [main] ERROR - Throwing
cn.nukkit.utils.EventException: null
	at cn.nukkit.plugin.MethodEventExecutor.execute(MethodEventExecutor.java:34) ~[nukkit-357.jar:?]
	at cn.nukkit.plugin.RegisteredListener.callEvent(RegisteredListener.java:56) ~[nukkit-357.jar:?]
	at cn.nukkit.plugin.PluginManager.callEvent(PluginManager.java:546) ~[nukkit-357.jar:?]
	at cn.nukkit.Player.handleDataPacket(Player.java:2609) ~[nukkit-357.jar:?]
	at java.util.ArrayList.forEach(Unknown Source) [?:1.8.0_211]
	at cn.nukkit.network.Network.processPackets(Network.java:197) [nukkit-357.jar:?]
	at cn.nukkit.network.Network.processBatch(Network.java:180) [nukkit-357.jar:?]
	at cn.nukkit.Player.handleDataPacket(Player.java:2092) [nukkit-357.jar:?]
	at cn.nukkit.network.RakNetInterface.handleEncapsulated(RakNetInterface.java:157) [nukkit-357.jar:?]
	at cn.nukkit.raknet.server.ServerHandler.handlePacket(ServerHandler.java:132) [nukkit-357.jar:?]
	at cn.nukkit.network.RakNetInterface.process(RakNetInterface.java:66) [nukkit-357.jar:?]
	at cn.nukkit.network.Network.processInterfaces(Network.java:83) [nukkit-357.jar:?]
	at cn.nukkit.Server.tick(Server.java:1124) [nukkit-357.jar:?]
	at cn.nukkit.Server.tickProcessor(Server.java:903) [nukkit-357.jar:?]
	at cn.nukkit.Server.start(Server.java:880) [nukkit-357.jar:?]
	at cn.nukkit.Server.<init>(Server.java:565) [nukkit-357.jar:?]
	at cn.nukkit.Nukkit.main(Nukkit.java:112) [nukkit-357.jar:?]
Caused by: java.lang.NullPointerException
	at net.llamadevelopment.reportsystem.listeners.FormListener.on(FormListener.java:77) ~[?:?]
	at sun.reflect.NativeMethodAccessorImpl.invoke0(Native Method) ~[?:1.8.0_211]
	at sun.reflect.NativeMethodAccessorImpl.invoke(Unknown Source) ~[?:1.8.0_211]
	at sun.reflect.DelegatingMethodAccessorImpl.invoke(Unknown Source) ~[?:1.8.0_211]
	at java.lang.reflect.Method.invoke(Unknown Source) ~[?:1.8.0_211]
	at cn.nukkit.plugin.MethodEventExecutor.execute(MethodEventExecutor.java:29) ~[nukkit-357.jar:?]
	... 16 more
2019-12-24 22:17:42.503 [main] FATAL - Could not pass event "cn.nukkit.event.player.PlayerFormRespondedEvent" to "ReportSystem v1.0-SNAPSHOT": null on net.llamadevelopment.reportsystem.listeners.FormListener
2019-12-24 22:17:42.511 [main] ERROR - Throwing
cn.nukkit.utils.EventException: null
	at cn.nukkit.plugin.MethodEventExecutor.execute(MethodEventExecutor.java:34) ~[nukkit-357.jar:?]
	at cn.nukkit.plugin.RegisteredListener.callEvent(RegisteredListener.java:56) ~[nukkit-357.jar:?]
	at cn.nukkit.plugin.PluginManager.callEvent(PluginManager.java:546) ~[nukkit-357.jar:?]
	at cn.nukkit.Player.handleDataPacket(Player.java:2609) ~[nukkit-357.jar:?]
	at java.util.ArrayList.forEach(Unknown Source) [?:1.8.0_211]
	at cn.nukkit.network.Network.processPackets(Network.java:197) [nukkit-357.jar:?]
	at cn.nukkit.network.Network.processBatch(Network.java:180) [nukkit-357.jar:?]
	at cn.nukkit.Player.handleDataPacket(Player.java:2092) [nukkit-357.jar:?]
	at cn.nukkit.network.RakNetInterface.handleEncapsulated(RakNetInterface.java:157) [nukkit-357.jar:?]
	at cn.nukkit.raknet.server.ServerHandler.handlePacket(ServerHandler.java:132) [nukkit-357.jar:?]
	at cn.nukkit.network.RakNetInterface.process(RakNetInterface.java:66) [nukkit-357.jar:?]
	at cn.nukkit.network.Network.processInterfaces(Network.java:83) [nukkit-357.jar:?]
	at cn.nukkit.Server.tick(Server.java:1124) [nukkit-357.jar:?]
	at cn.nukkit.Server.tickProcessor(Server.java:903) [nukkit-357.jar:?]
	at cn.nukkit.Server.start(Server.java:880) [nukkit-357.jar:?]
	at cn.nukkit.Server.<init>(Server.java:565) [nukkit-357.jar:?]
	at cn.nukkit.Nukkit.main(Nukkit.java:112) [nukkit-357.jar:?]
Caused by: java.lang.NullPointerException
	at net.llamadevelopment.reportsystem.listeners.FormListener.on(FormListener.java:77) ~[?:?]
	at sun.reflect.NativeMethodAccessorImpl.invoke0(Native Method) ~[?:1.8.0_211]
	at sun.reflect.NativeMethodAccessorImpl.invoke(Unknown Source) ~[?:1.8.0_211]
	at sun.reflect.DelegatingMethodAccessorImpl.invoke(Unknown Source) ~[?:1.8.0_211]
	at java.lang.reflect.Method.invoke(Unknown Source) ~[?:1.8.0_211]
	at cn.nukkit.plugin.MethodEventExecutor.execute(MethodEventExecutor.java:29) ~[nukkit-357.jar:?]
	... 16 more
2019-12-24 22:17:45.304 [main] FATAL - Could not pass event "cn.nukkit.event.player.PlayerFormRespondedEvent" to "ReportSystem v1.0-SNAPSHOT": null on net.llamadevelopment.reportsystem.listeners.FormListener
2019-12-24 22:17:45.315 [main] ERROR - Throwing
cn.nukkit.utils.EventException: null
	at cn.nukkit.plugin.MethodEventExecutor.execute(MethodEventExecutor.java:34) ~[nukkit-357.jar:?]
	at cn.nukkit.plugin.RegisteredListener.callEvent(RegisteredListener.java:56) ~[nukkit-357.jar:?]
	at cn.nukkit.plugin.PluginManager.callEvent(PluginManager.java:546) ~[nukkit-357.jar:?]
	at cn.nukkit.Player.handleDataPacket(Player.java:2609) ~[nukkit-357.jar:?]
	at java.util.ArrayList.forEach(Unknown Source) [?:1.8.0_211]
	at cn.nukkit.network.Network.processPackets(Network.java:197) [nukkit-357.jar:?]
	at cn.nukkit.network.Network.processBatch(Network.java:180) [nukkit-357.jar:?]
	at cn.nukkit.Player.handleDataPacket(Player.java:2092) [nukkit-357.jar:?]
	at cn.nukkit.network.RakNetInterface.handleEncapsulated(RakNetInterface.java:157) [nukkit-357.jar:?]
	at cn.nukkit.raknet.server.ServerHandler.handlePacket(ServerHandler.java:132) [nukkit-357.jar:?]
	at cn.nukkit.network.RakNetInterface.process(RakNetInterface.java:66) [nukkit-357.jar:?]
	at cn.nukkit.network.Network.processInterfaces(Network.java:83) [nukkit-357.jar:?]
	at cn.nukkit.Server.tick(Server.java:1124) [nukkit-357.jar:?]
	at cn.nukkit.Server.tickProcessor(Server.java:903) [nukkit-357.jar:?]
	at cn.nukkit.Server.start(Server.java:880) [nukkit-357.jar:?]
	at cn.nukkit.Server.<init>(Server.java:565) [nukkit-357.jar:?]
	at cn.nukkit.Nukkit.main(Nukkit.java:112) [nukkit-357.jar:?]
Caused by: java.lang.NullPointerException
	at net.llamadevelopment.reportsystem.listeners.FormListener.on(FormListener.java:77) ~[?:?]
	at sun.reflect.NativeMethodAccessorImpl.invoke0(Native Method) ~[?:1.8.0_211]
	at sun.reflect.NativeMethodAccessorImpl.invoke(Unknown Source) ~[?:1.8.0_211]
	at sun.reflect.DelegatingMethodAccessorImpl.invoke(Unknown Source) ~[?:1.8.0_211]
	at java.lang.reflect.Method.invoke(Unknown Source) ~[?:1.8.0_211]
	at cn.nukkit.plugin.MethodEventExecutor.execute(MethodEventExecutor.java:29) ~[nukkit-357.jar:?]
	... 16 more
2019-12-24 22:17:47.106 [main] FATAL - Could not pass event "cn.nukkit.event.player.PlayerFormRespondedEvent" to "ReportSystem v1.0-SNAPSHOT": null on net.llamadevelopment.reportsystem.listeners.FormListener
2019-12-24 22:17:47.118 [main] ERROR - Throwing
cn.nukkit.utils.EventException: null
	at cn.nukkit.plugin.MethodEventExecutor.execute(MethodEventExecutor.java:34) ~[nukkit-357.jar:?]
	at cn.nukkit.plugin.RegisteredListener.callEvent(RegisteredListener.java:56) ~[nukkit-357.jar:?]
	at cn.nukkit.plugin.PluginManager.callEvent(PluginManager.java:546) ~[nukkit-357.jar:?]
	at cn.nukkit.Player.handleDataPacket(Player.java:2609) ~[nukkit-357.jar:?]
	at java.util.ArrayList.forEach(Unknown Source) [?:1.8.0_211]
	at cn.nukkit.network.Network.processPackets(Network.java:197) [nukkit-357.jar:?]
	at cn.nukkit.network.Network.processBatch(Network.java:180) [nukkit-357.jar:?]
	at cn.nukkit.Player.handleDataPacket(Player.java:2092) [nukkit-357.jar:?]
	at cn.nukkit.network.RakNetInterface.handleEncapsulated(RakNetInterface.java:157) [nukkit-357.jar:?]
	at cn.nukkit.raknet.server.ServerHandler.handlePacket(ServerHandler.java:132) [nukkit-357.jar:?]
	at cn.nukkit.network.RakNetInterface.process(RakNetInterface.java:66) [nukkit-357.jar:?]
	at cn.nukkit.network.Network.processInterfaces(Network.java:83) [nukkit-357.jar:?]
	at cn.nukkit.Server.tick(Server.java:1124) [nukkit-357.jar:?]
	at cn.nukkit.Server.tickProcessor(Server.java:903) [nukkit-357.jar:?]
	at cn.nukkit.Server.start(Server.java:880) [nukkit-357.jar:?]
	at cn.nukkit.Server.<init>(Server.java:565) [nukkit-357.jar:?]
	at cn.nukkit.Nukkit.main(Nukkit.java:112) [nukkit-357.jar:?]
Caused by: java.lang.NullPointerException
	at net.llamadevelopment.reportsystem.listeners.FormListener.on(FormListener.java:77) ~[?:?]
	at sun.reflect.NativeMethodAccessorImpl.invoke0(Native Method) ~[?:1.8.0_211]
	at sun.reflect.NativeMethodAccessorImpl.invoke(Unknown Source) ~[?:1.8.0_211]
	at sun.reflect.DelegatingMethodAccessorImpl.invoke(Unknown Source) ~[?:1.8.0_211]
	at java.lang.reflect.Method.invoke(Unknown Source) ~[?:1.8.0_211]
	at cn.nukkit.plugin.MethodEventExecutor.execute(MethodEventExecutor.java:29) ~[nukkit-357.jar:?]
	... 16 more
2019-12-24 22:17:48.461 [main] FATAL - Could not pass event "cn.nukkit.event.player.PlayerFormRespondedEvent" to "ReportSystem v1.0-SNAPSHOT": null on net.llamadevelopment.reportsystem.listeners.FormListener
2019-12-24 22:17:48.471 [main] ERROR - Throwing
cn.nukkit.utils.EventException: null
	at cn.nukkit.plugin.MethodEventExecutor.execute(MethodEventExecutor.java:34) ~[nukkit-357.jar:?]
	at cn.nukkit.plugin.RegisteredListener.callEvent(RegisteredListener.java:56) ~[nukkit-357.jar:?]
	at cn.nukkit.plugin.PluginManager.callEvent(PluginManager.java:546) ~[nukkit-357.jar:?]
	at cn.nukkit.Player.handleDataPacket(Player.java:2609) ~[nukkit-357.jar:?]
	at java.util.ArrayList.forEach(Unknown Source) [?:1.8.0_211]
	at cn.nukkit.network.Network.processPackets(Network.java:197) [nukkit-357.jar:?]
	at cn.nukkit.network.Network.processBatch(Network.java:180) [nukkit-357.jar:?]
	at cn.nukkit.Player.handleDataPacket(Player.java:2092) [nukkit-357.jar:?]
	at cn.nukkit.network.RakNetInterface.handleEncapsulated(RakNetInterface.java:157) [nukkit-357.jar:?]
	at cn.nukkit.raknet.server.ServerHandler.handlePacket(ServerHandler.java:132) [nukkit-357.jar:?]
	at cn.nukkit.network.RakNetInterface.process(RakNetInterface.java:66) [nukkit-357.jar:?]
	at cn.nukkit.network.Network.processInterfaces(Network.java:83) [nukkit-357.jar:?]
	at cn.nukkit.Server.tick(Server.java:1124) [nukkit-357.jar:?]
	at cn.nukkit.Server.tickProcessor(Server.java:903) [nukkit-357.jar:?]
	at cn.nukkit.Server.start(Server.java:880) [nukkit-357.jar:?]
	at cn.nukkit.Server.<init>(Server.java:565) [nukkit-357.jar:?]
	at cn.nukkit.Nukkit.main(Nukkit.java:112) [nukkit-357.jar:?]
Caused by: java.lang.NullPointerException
	at net.llamadevelopment.reportsystem.listeners.FormListener.on(FormListener.java:140) ~[?:?]
	at sun.reflect.NativeMethodAccessorImpl.invoke0(Native Method) ~[?:1.8.0_211]
	at sun.reflect.NativeMethodAccessorImpl.invoke(Unknown Source) ~[?:1.8.0_211]
	at sun.reflect.DelegatingMethodAccessorImpl.invoke(Unknown Source) ~[?:1.8.0_211]
	at java.lang.reflect.Method.invoke(Unknown Source) ~[?:1.8.0_211]
	at cn.nukkit.plugin.MethodEventExecutor.execute(MethodEventExecutor.java:29) ~[nukkit-357.jar:?]
	... 16 more
2019-12-24 22:17:48.516 [main] INFO  - [Trading_Interface] User LemonSqueezy360 has deleted Stone (ID: 1:0) from the list of buyable items.
2019-12-24 22:17:49.753 [main] FATAL - Could not pass event "cn.nukkit.event.player.PlayerFormRespondedEvent" to "ReportSystem v1.0-SNAPSHOT": null on net.llamadevelopment.reportsystem.listeners.FormListener
2019-12-24 22:17:49.782 [main] ERROR - Throwing
cn.nukkit.utils.EventException: null
	at cn.nukkit.plugin.MethodEventExecutor.execute(MethodEventExecutor.java:34) ~[nukkit-357.jar:?]
	at cn.nukkit.plugin.RegisteredListener.callEvent(RegisteredListener.java:56) ~[nukkit-357.jar:?]
	at cn.nukkit.plugin.PluginManager.callEvent(PluginManager.java:546) ~[nukkit-357.jar:?]
	at cn.nukkit.Player.handleDataPacket(Player.java:2609) ~[nukkit-357.jar:?]
	at java.util.ArrayList.forEach(Unknown Source) [?:1.8.0_211]
	at cn.nukkit.network.Network.processPackets(Network.java:197) [nukkit-357.jar:?]
	at cn.nukkit.network.Network.processBatch(Network.java:180) [nukkit-357.jar:?]
	at cn.nukkit.Player.handleDataPacket(Player.java:2092) [nukkit-357.jar:?]
	at cn.nukkit.network.RakNetInterface.handleEncapsulated(RakNetInterface.java:157) [nukkit-357.jar:?]
	at cn.nukkit.raknet.server.ServerHandler.handlePacket(ServerHandler.java:132) [nukkit-357.jar:?]
	at cn.nukkit.network.RakNetInterface.process(RakNetInterface.java:66) [nukkit-357.jar:?]
	at cn.nukkit.network.Network.processInterfaces(Network.java:83) [nukkit-357.jar:?]
	at cn.nukkit.Server.tick(Server.java:1124) [nukkit-357.jar:?]
	at cn.nukkit.Server.tickProcessor(Server.java:903) [nukkit-357.jar:?]
	at cn.nukkit.Server.start(Server.java:880) [nukkit-357.jar:?]
	at cn.nukkit.Server.<init>(Server.java:565) [nukkit-357.jar:?]
	at cn.nukkit.Nukkit.main(Nukkit.java:112) [nukkit-357.jar:?]
Caused by: java.lang.NullPointerException
	at net.llamadevelopment.reportsystem.listeners.FormListener.on(FormListener.java:77) ~[?:?]
	at sun.reflect.NativeMethodAccessorImpl.invoke0(Native Method) ~[?:1.8.0_211]
	at sun.reflect.NativeMethodAccessorImpl.invoke(Unknown Source) ~[?:1.8.0_211]
	at sun.reflect.DelegatingMethodAccessorImpl.invoke(Unknown Source) ~[?:1.8.0_211]
	at java.lang.reflect.Method.invoke(Unknown Source) ~[?:1.8.0_211]
	at cn.nukkit.plugin.MethodEventExecutor.execute(MethodEventExecutor.java:29) ~[nukkit-357.jar:?]
	... 16 more
2019-12-24 22:17:50.904 [main] FATAL - Could not pass event "cn.nukkit.event.player.PlayerFormRespondedEvent" to "ReportSystem v1.0-SNAPSHOT": null on net.llamadevelopment.reportsystem.listeners.FormListener
2019-12-24 22:17:50.916 [main] ERROR - Throwing
cn.nukkit.utils.EventException: null
	at cn.nukkit.plugin.MethodEventExecutor.execute(MethodEventExecutor.java:34) ~[nukkit-357.jar:?]
	at cn.nukkit.plugin.RegisteredListener.callEvent(RegisteredListener.java:56) ~[nukkit-357.jar:?]
	at cn.nukkit.plugin.PluginManager.callEvent(PluginManager.java:546) ~[nukkit-357.jar:?]
	at cn.nukkit.Player.handleDataPacket(Player.java:2609) ~[nukkit-357.jar:?]
	at java.util.ArrayList.forEach(Unknown Source) [?:1.8.0_211]
	at cn.nukkit.network.Network.processPackets(Network.java:197) [nukkit-357.jar:?]
	at cn.nukkit.network.Network.processBatch(Network.java:180) [nukkit-357.jar:?]
	at cn.nukkit.Player.handleDataPacket(Player.java:2092) [nukkit-357.jar:?]
	at cn.nukkit.network.RakNetInterface.handleEncapsulated(RakNetInterface.java:157) [nukkit-357.jar:?]
	at cn.nukkit.raknet.server.ServerHandler.handlePacket(ServerHandler.java:132) [nukkit-357.jar:?]
	at cn.nukkit.network.RakNetInterface.process(RakNetInterface.java:66) [nukkit-357.jar:?]
	at cn.nukkit.network.Network.processInterfaces(Network.java:83) [nukkit-357.jar:?]
	at cn.nukkit.Server.tick(Server.java:1124) [nukkit-357.jar:?]
	at cn.nukkit.Server.tickProcessor(Server.java:903) [nukkit-357.jar:?]
	at cn.nukkit.Server.start(Server.java:880) [nukkit-357.jar:?]
	at cn.nukkit.Server.<init>(Server.java:565) [nukkit-357.jar:?]
	at cn.nukkit.Nukkit.main(Nukkit.java:112) [nukkit-357.jar:?]
Caused by: java.lang.NullPointerException
	at net.llamadevelopment.reportsystem.listeners.FormListener.on(FormListener.java:77) ~[?:?]
	at sun.reflect.NativeMethodAccessorImpl.invoke0(Native Method) ~[?:1.8.0_211]
	at sun.reflect.NativeMethodAccessorImpl.invoke(Unknown Source) ~[?:1.8.0_211]
	at sun.reflect.DelegatingMethodAccessorImpl.invoke(Unknown Source) ~[?:1.8.0_211]
	at java.lang.reflect.Method.invoke(Unknown Source) ~[?:1.8.0_211]
	at cn.nukkit.plugin.MethodEventExecutor.execute(MethodEventExecutor.java:29) ~[nukkit-357.jar:?]
	... 16 more
2019-12-24 22:17:52.196 [main] FATAL - Could not pass event "cn.nukkit.event.player.PlayerFormRespondedEvent" to "ReportSystem v1.0-SNAPSHOT": null on net.llamadevelopment.reportsystem.listeners.FormListener
2019-12-24 22:17:52.202 [main] ERROR - Throwing
cn.nukkit.utils.EventException: null
	at cn.nukkit.plugin.MethodEventExecutor.execute(MethodEventExecutor.java:34) ~[nukkit-357.jar:?]
	at cn.nukkit.plugin.RegisteredListener.callEvent(RegisteredListener.java:56) ~[nukkit-357.jar:?]
	at cn.nukkit.plugin.PluginManager.callEvent(PluginManager.java:546) ~[nukkit-357.jar:?]
	at cn.nukkit.Player.handleDataPacket(Player.java:2609) ~[nukkit-357.jar:?]
	at java.util.ArrayList.forEach(Unknown Source) [?:1.8.0_211]
	at cn.nukkit.network.Network.processPackets(Network.java:197) [nukkit-357.jar:?]
	at cn.nukkit.network.Network.processBatch(Network.java:180) [nukkit-357.jar:?]
	at cn.nukkit.Player.handleDataPacket(Player.java:2092) [nukkit-357.jar:?]
	at cn.nukkit.network.RakNetInterface.handleEncapsulated(RakNetInterface.java:157) [nukkit-357.jar:?]
	at cn.nukkit.raknet.server.ServerHandler.handlePacket(ServerHandler.java:132) [nukkit-357.jar:?]
	at cn.nukkit.network.RakNetInterface.process(RakNetInterface.java:66) [nukkit-357.jar:?]
	at cn.nukkit.network.Network.processInterfaces(Network.java:83) [nukkit-357.jar:?]
	at cn.nukkit.Server.tick(Server.java:1124) [nukkit-357.jar:?]
	at cn.nukkit.Server.tickProcessor(Server.java:903) [nukkit-357.jar:?]
	at cn.nukkit.Server.start(Server.java:880) [nukkit-357.jar:?]
	at cn.nukkit.Server.<init>(Server.java:565) [nukkit-357.jar:?]
	at cn.nukkit.Nukkit.main(Nukkit.java:112) [nukkit-357.jar:?]
Caused by: java.lang.NullPointerException
	at net.llamadevelopment.reportsystem.listeners.FormListener.on(FormListener.java:140) ~[?:?]
	at sun.reflect.NativeMethodAccessorImpl.invoke0(Native Method) ~[?:1.8.0_211]
	at sun.reflect.NativeMethodAccessorImpl.invoke(Unknown Source) ~[?:1.8.0_211]
	at sun.reflect.DelegatingMethodAccessorImpl.invoke(Unknown Source) ~[?:1.8.0_211]
	at java.lang.reflect.Method.invoke(Unknown Source) ~[?:1.8.0_211]
	at cn.nukkit.plugin.MethodEventExecutor.execute(MethodEventExecutor.java:29) ~[nukkit-357.jar:?]
	... 16 more
2019-12-24 22:17:52.223 [main] INFO  - [Trading_Interface] User LemonSqueezy360 has deleted Grass Block (ID: grass) from the list of buyable items.
2019-12-24 22:17:53.901 [main] FATAL - Could not pass event "cn.nukkit.event.player.PlayerFormRespondedEvent" to "ReportSystem v1.0-SNAPSHOT": null on net.llamadevelopment.reportsystem.listeners.FormListener
2019-12-24 22:17:53.910 [main] ERROR - Throwing
cn.nukkit.utils.EventException: null
	at cn.nukkit.plugin.MethodEventExecutor.execute(MethodEventExecutor.java:34) ~[nukkit-357.jar:?]
	at cn.nukkit.plugin.RegisteredListener.callEvent(RegisteredListener.java:56) ~[nukkit-357.jar:?]
	at cn.nukkit.plugin.PluginManager.callEvent(PluginManager.java:546) ~[nukkit-357.jar:?]
	at cn.nukkit.Player.handleDataPacket(Player.java:2609) ~[nukkit-357.jar:?]
	at java.util.ArrayList.forEach(Unknown Source) [?:1.8.0_211]
	at cn.nukkit.network.Network.processPackets(Network.java:197) [nukkit-357.jar:?]
	at cn.nukkit.network.Network.processBatch(Network.java:180) [nukkit-357.jar:?]
	at cn.nukkit.Player.handleDataPacket(Player.java:2092) [nukkit-357.jar:?]
	at cn.nukkit.network.RakNetInterface.handleEncapsulated(RakNetInterface.java:157) [nukkit-357.jar:?]
	at cn.nukkit.raknet.server.ServerHandler.handlePacket(ServerHandler.java:132) [nukkit-357.jar:?]
	at cn.nukkit.network.RakNetInterface.process(RakNetInterface.java:66) [nukkit-357.jar:?]
	at cn.nukkit.network.Network.processInterfaces(Network.java:83) [nukkit-357.jar:?]
	at cn.nukkit.Server.tick(Server.java:1124) [nukkit-357.jar:?]
	at cn.nukkit.Server.tickProcessor(Server.java:903) [nukkit-357.jar:?]
	at cn.nukkit.Server.start(Server.java:880) [nukkit-357.jar:?]
	at cn.nukkit.Server.<init>(Server.java:565) [nukkit-357.jar:?]
	at cn.nukkit.Nukkit.main(Nukkit.java:112) [nukkit-357.jar:?]
Caused by: java.lang.NullPointerException
	at net.llamadevelopment.reportsystem.listeners.FormListener.on(FormListener.java:77) ~[?:?]
	at sun.reflect.NativeMethodAccessorImpl.invoke0(Native Method) ~[?:1.8.0_211]
	at sun.reflect.NativeMethodAccessorImpl.invoke(Unknown Source) ~[?:1.8.0_211]
	at sun.reflect.DelegatingMethodAccessorImpl.invoke(Unknown Source) ~[?:1.8.0_211]
	at java.lang.reflect.Method.invoke(Unknown Source) ~[?:1.8.0_211]
	at cn.nukkit.plugin.MethodEventExecutor.execute(MethodEventExecutor.java:29) ~[nukkit-357.jar:?]
	... 16 more
2019-12-24 22:17:55.195 [main] FATAL - Could not pass event "cn.nukkit.event.player.PlayerFormRespondedEvent" to "ReportSystem v1.0-SNAPSHOT": null on net.llamadevelopment.reportsystem.listeners.FormListener
2019-12-24 22:17:55.199 [main] ERROR - Throwing
cn.nukkit.utils.EventException: null
	at cn.nukkit.plugin.MethodEventExecutor.execute(MethodEventExecutor.java:34) ~[nukkit-357.jar:?]
	at cn.nukkit.plugin.RegisteredListener.callEvent(RegisteredListener.java:56) ~[nukkit-357.jar:?]
	at cn.nukkit.plugin.PluginManager.callEvent(PluginManager.java:546) ~[nukkit-357.jar:?]
	at cn.nukkit.Player.handleDataPacket(Player.java:2609) ~[nukkit-357.jar:?]
	at java.util.ArrayList.forEach(Unknown Source) [?:1.8.0_211]
	at cn.nukkit.network.Network.processPackets(Network.java:197) [nukkit-357.jar:?]
	at cn.nukkit.network.Network.processBatch(Network.java:180) [nukkit-357.jar:?]
	at cn.nukkit.Player.handleDataPacket(Player.java:2092) [nukkit-357.jar:?]
	at cn.nukkit.network.RakNetInterface.handleEncapsulated(RakNetInterface.java:157) [nukkit-357.jar:?]
	at cn.nukkit.raknet.server.ServerHandler.handlePacket(ServerHandler.java:132) [nukkit-357.jar:?]
	at cn.nukkit.network.RakNetInterface.process(RakNetInterface.java:66) [nukkit-357.jar:?]
	at cn.nukkit.network.Network.processInterfaces(Network.java:83) [nukkit-357.jar:?]
	at cn.nukkit.Server.tick(Server.java:1124) [nukkit-357.jar:?]
	at cn.nukkit.Server.tickProcessor(Server.java:903) [nukkit-357.jar:?]
	at cn.nukkit.Server.start(Server.java:880) [nukkit-357.jar:?]
	at cn.nukkit.Server.<init>(Server.java:565) [nukkit-357.jar:?]
	at cn.nukkit.Nukkit.main(Nukkit.java:112) [nukkit-357.jar:?]
Caused by: java.lang.NullPointerException
	at net.llamadevelopment.reportsystem.listeners.FormListener.on(FormListener.java:77) ~[?:?]
	at sun.reflect.NativeMethodAccessorImpl.invoke0(Native Method) ~[?:1.8.0_211]
	at sun.reflect.NativeMethodAccessorImpl.invoke(Unknown Source) ~[?:1.8.0_211]
	at sun.reflect.DelegatingMethodAccessorImpl.invoke(Unknown Source) ~[?:1.8.0_211]
	at java.lang.reflect.Method.invoke(Unknown Source) ~[?:1.8.0_211]
	at cn.nukkit.plugin.MethodEventExecutor.execute(MethodEventExecutor.java:29) ~[nukkit-357.jar:?]
	... 16 more
2019-12-24 22:17:56.595 [main] FATAL - Could not pass event "cn.nukkit.event.player.PlayerFormRespondedEvent" to "ReportSystem v1.0-SNAPSHOT": null on net.llamadevelopment.reportsystem.listeners.FormListener
2019-12-24 22:17:56.601 [main] ERROR - Throwing
cn.nukkit.utils.EventException: null
	at cn.nukkit.plugin.MethodEventExecutor.execute(MethodEventExecutor.java:34) ~[nukkit-357.jar:?]
	at cn.nukkit.plugin.RegisteredListener.callEvent(RegisteredListener.java:56) ~[nukkit-357.jar:?]
	at cn.nukkit.plugin.PluginManager.callEvent(PluginManager.java:546) ~[nukkit-357.jar:?]
	at cn.nukkit.Player.handleDataPacket(Player.java:2609) ~[nukkit-357.jar:?]
	at java.util.ArrayList.forEach(Unknown Source) [?:1.8.0_211]
	at cn.nukkit.network.Network.processPackets(Network.java:197) [nukkit-357.jar:?]
	at cn.nukkit.network.Network.processBatch(Network.java:180) [nukkit-357.jar:?]
	at cn.nukkit.Player.handleDataPacket(Player.java:2092) [nukkit-357.jar:?]
	at cn.nukkit.network.RakNetInterface.handleEncapsulated(RakNetInterface.java:157) [nukkit-357.jar:?]
	at cn.nukkit.raknet.server.ServerHandler.handlePacket(ServerHandler.java:132) [nukkit-357.jar:?]
	at cn.nukkit.network.RakNetInterface.process(RakNetInterface.java:66) [nukkit-357.jar:?]
	at cn.nukkit.network.Network.processInterfaces(Network.java:83) [nukkit-357.jar:?]
	at cn.nukkit.Server.tick(Server.java:1124) [nukkit-357.jar:?]
	at cn.nukkit.Server.tickProcessor(Server.java:903) [nukkit-357.jar:?]
	at cn.nukkit.Server.start(Server.java:880) [nukkit-357.jar:?]
	at cn.nukkit.Server.<init>(Server.java:565) [nukkit-357.jar:?]
	at cn.nukkit.Nukkit.main(Nukkit.java:112) [nukkit-357.jar:?]
Caused by: java.lang.NullPointerException
	at net.llamadevelopment.reportsystem.listeners.FormListener.on(FormListener.java:77) ~[?:?]
	at sun.reflect.NativeMethodAccessorImpl.invoke0(Native Method) ~[?:1.8.0_211]
	at sun.reflect.NativeMethodAccessorImpl.invoke(Unknown Source) ~[?:1.8.0_211]
	at sun.reflect.DelegatingMethodAccessorImpl.invoke(Unknown Source) ~[?:1.8.0_211]
	at java.lang.reflect.Method.invoke(Unknown Source) ~[?:1.8.0_211]
	at cn.nukkit.plugin.MethodEventExecutor.execute(MethodEventExecutor.java:29) ~[nukkit-357.jar:?]
	... 16 more
2019-12-24 22:17:57.795 [main] FATAL - Could not pass event "cn.nukkit.event.player.PlayerFormRespondedEvent" to "ReportSystem v1.0-SNAPSHOT": null on net.llamadevelopment.reportsystem.listeners.FormListener
2019-12-24 22:17:57.801 [main] ERROR - Throwing
cn.nukkit.utils.EventException: null
	at cn.nukkit.plugin.MethodEventExecutor.execute(MethodEventExecutor.java:34) ~[nukkit-357.jar:?]
	at cn.nukkit.plugin.RegisteredListener.callEvent(RegisteredListener.java:56) ~[nukkit-357.jar:?]
	at cn.nukkit.plugin.PluginManager.callEvent(PluginManager.java:546) ~[nukkit-357.jar:?]
	at cn.nukkit.Player.handleDataPacket(Player.java:2609) ~[nukkit-357.jar:?]
	at java.util.ArrayList.forEach(Unknown Source) [?:1.8.0_211]
	at cn.nukkit.network.Network.processPackets(Network.java:197) [nukkit-357.jar:?]
	at cn.nukkit.network.Network.processBatch(Network.java:180) [nukkit-357.jar:?]
	at cn.nukkit.Player.handleDataPacket(Player.java:2092) [nukkit-357.jar:?]
	at cn.nukkit.network.RakNetInterface.handleEncapsulated(RakNetInterface.java:157) [nukkit-357.jar:?]
	at cn.nukkit.raknet.server.ServerHandler.handlePacket(ServerHandler.java:132) [nukkit-357.jar:?]
	at cn.nukkit.network.RakNetInterface.process(RakNetInterface.java:66) [nukkit-357.jar:?]
	at cn.nukkit.network.Network.processInterfaces(Network.java:83) [nukkit-357.jar:?]
	at cn.nukkit.Server.tick(Server.java:1124) [nukkit-357.jar:?]
	at cn.nukkit.Server.tickProcessor(Server.java:903) [nukkit-357.jar:?]
	at cn.nukkit.Server.start(Server.java:880) [nukkit-357.jar:?]
	at cn.nukkit.Server.<init>(Server.java:565) [nukkit-357.jar:?]
	at cn.nukkit.Nukkit.main(Nukkit.java:112) [nukkit-357.jar:?]
Caused by: java.lang.NullPointerException
	at net.llamadevelopment.reportsystem.listeners.FormListener.on(FormListener.java:140) ~[?:?]
	at sun.reflect.NativeMethodAccessorImpl.invoke0(Native Method) ~[?:1.8.0_211]
	at sun.reflect.NativeMethodAccessorImpl.invoke(Unknown Source) ~[?:1.8.0_211]
	at sun.reflect.DelegatingMethodAccessorImpl.invoke(Unknown Source) ~[?:1.8.0_211]
	at java.lang.reflect.Method.invoke(Unknown Source) ~[?:1.8.0_211]
	at cn.nukkit.plugin.MethodEventExecutor.execute(MethodEventExecutor.java:29) ~[nukkit-357.jar:?]
	... 16 more
2019-12-24 22:17:57.827 [main] INFO  - [Trading_Interface] User LemonSqueezy360 has deleted a category of buyable items called Building (ID: building).
2019-12-24 22:18:00.750 [main] FATAL - Could not pass event "cn.nukkit.event.player.PlayerFormRespondedEvent" to "ReportSystem v1.0-SNAPSHOT": null on net.llamadevelopment.reportsystem.listeners.FormListener
2019-12-24 22:18:00.754 [main] ERROR - Throwing
cn.nukkit.utils.EventException: null
	at cn.nukkit.plugin.MethodEventExecutor.execute(MethodEventExecutor.java:34) ~[nukkit-357.jar:?]
	at cn.nukkit.plugin.RegisteredListener.callEvent(RegisteredListener.java:56) ~[nukkit-357.jar:?]
	at cn.nukkit.plugin.PluginManager.callEvent(PluginManager.java:546) ~[nukkit-357.jar:?]
	at cn.nukkit.Player.handleDataPacket(Player.java:2609) ~[nukkit-357.jar:?]
	at java.util.ArrayList.forEach(Unknown Source) [?:1.8.0_211]
	at cn.nukkit.network.Network.processPackets(Network.java:197) [nukkit-357.jar:?]
	at cn.nukkit.network.Network.processBatch(Network.java:180) [nukkit-357.jar:?]
	at cn.nukkit.Player.handleDataPacket(Player.java:2092) [nukkit-357.jar:?]
	at cn.nukkit.network.RakNetInterface.handleEncapsulated(RakNetInterface.java:157) [nukkit-357.jar:?]
	at cn.nukkit.raknet.server.ServerHandler.handlePacket(ServerHandler.java:132) [nukkit-357.jar:?]
	at cn.nukkit.network.RakNetInterface.process(RakNetInterface.java:66) [nukkit-357.jar:?]
	at cn.nukkit.network.Network.processInterfaces(Network.java:83) [nukkit-357.jar:?]
	at cn.nukkit.Server.tick(Server.java:1124) [nukkit-357.jar:?]
	at cn.nukkit.Server.tickProcessor(Server.java:903) [nukkit-357.jar:?]
	at cn.nukkit.Server.start(Server.java:880) [nukkit-357.jar:?]
	at cn.nukkit.Server.<init>(Server.java:565) [nukkit-357.jar:?]
	at cn.nukkit.Nukkit.main(Nukkit.java:112) [nukkit-357.jar:?]
Caused by: java.lang.NullPointerException
	at net.llamadevelopment.reportsystem.listeners.FormListener.on(FormListener.java:77) ~[?:?]
	at sun.reflect.NativeMethodAccessorImpl.invoke0(Native Method) ~[?:1.8.0_211]
	at sun.reflect.NativeMethodAccessorImpl.invoke(Unknown Source) ~[?:1.8.0_211]
	at sun.reflect.DelegatingMethodAccessorImpl.invoke(Unknown Source) ~[?:1.8.0_211]
	at java.lang.reflect.Method.invoke(Unknown Source) ~[?:1.8.0_211]
	at cn.nukkit.plugin.MethodEventExecutor.execute(MethodEventExecutor.java:29) ~[nukkit-357.jar:?]
	... 16 more
2019-12-24 22:18:04.651 [main] FATAL - Could not pass event "cn.nukkit.event.player.PlayerFormRespondedEvent" to "ReportSystem v1.0-SNAPSHOT": null on net.llamadevelopment.reportsystem.listeners.FormListener
2019-12-24 22:18:04.659 [main] ERROR - Throwing
cn.nukkit.utils.EventException: null
	at cn.nukkit.plugin.MethodEventExecutor.execute(MethodEventExecutor.java:34) ~[nukkit-357.jar:?]
	at cn.nukkit.plugin.RegisteredListener.callEvent(RegisteredListener.java:56) ~[nukkit-357.jar:?]
	at cn.nukkit.plugin.PluginManager.callEvent(PluginManager.java:546) ~[nukkit-357.jar:?]
	at cn.nukkit.Player.handleDataPacket(Player.java:2609) ~[nukkit-357.jar:?]
	at java.util.ArrayList.forEach(Unknown Source) [?:1.8.0_211]
	at cn.nukkit.network.Network.processPackets(Network.java:197) [nukkit-357.jar:?]
	at cn.nukkit.network.Network.processBatch(Network.java:180) [nukkit-357.jar:?]
	at cn.nukkit.Player.handleDataPacket(Player.java:2092) [nukkit-357.jar:?]
	at cn.nukkit.network.RakNetInterface.handleEncapsulated(RakNetInterface.java:157) [nukkit-357.jar:?]
	at cn.nukkit.raknet.server.ServerHandler.handlePacket(ServerHandler.java:132) [nukkit-357.jar:?]
	at cn.nukkit.network.RakNetInterface.process(RakNetInterface.java:66) [nukkit-357.jar:?]
	at cn.nukkit.network.Network.processInterfaces(Network.java:83) [nukkit-357.jar:?]
	at cn.nukkit.Server.tick(Server.java:1124) [nukkit-357.jar:?]
	at cn.nukkit.Server.tickProcessor(Server.java:903) [nukkit-357.jar:?]
	at cn.nukkit.Server.start(Server.java:880) [nukkit-357.jar:?]
	at cn.nukkit.Server.<init>(Server.java:565) [nukkit-357.jar:?]
	at cn.nukkit.Nukkit.main(Nukkit.java:112) [nukkit-357.jar:?]
Caused by: java.lang.NullPointerException
	at net.llamadevelopment.reportsystem.listeners.FormListener.on(FormListener.java:77) ~[?:?]
	at sun.reflect.NativeMethodAccessorImpl.invoke0(Native Method) ~[?:1.8.0_211]
	at sun.reflect.NativeMethodAccessorImpl.invoke(Unknown Source) ~[?:1.8.0_211]
	at sun.reflect.DelegatingMethodAccessorImpl.invoke(Unknown Source) ~[?:1.8.0_211]
	at java.lang.reflect.Method.invoke(Unknown Source) ~[?:1.8.0_211]
	at cn.nukkit.plugin.MethodEventExecutor.execute(MethodEventExecutor.java:29) ~[nukkit-357.jar:?]
	... 16 more
2019-12-24 22:18:06.246 [main] FATAL - Could not pass event "cn.nukkit.event.player.PlayerFormRespondedEvent" to "ReportSystem v1.0-SNAPSHOT": null on net.llamadevelopment.reportsystem.listeners.FormListener
2019-12-24 22:18:06.252 [main] ERROR - Throwing
cn.nukkit.utils.EventException: null
	at cn.nukkit.plugin.MethodEventExecutor.execute(MethodEventExecutor.java:34) ~[nukkit-357.jar:?]
	at cn.nukkit.plugin.RegisteredListener.callEvent(RegisteredListener.java:56) ~[nukkit-357.jar:?]
	at cn.nukkit.plugin.PluginManager.callEvent(PluginManager.java:546) ~[nukkit-357.jar:?]
	at cn.nukkit.Player.handleDataPacket(Player.java:2609) ~[nukkit-357.jar:?]
	at java.util.ArrayList.forEach(Unknown Source) [?:1.8.0_211]
	at cn.nukkit.network.Network.processPackets(Network.java:197) [nukkit-357.jar:?]
	at cn.nukkit.network.Network.processBatch(Network.java:180) [nukkit-357.jar:?]
	at cn.nukkit.Player.handleDataPacket(Player.java:2092) [nukkit-357.jar:?]
	at cn.nukkit.network.RakNetInterface.handleEncapsulated(RakNetInterface.java:157) [nukkit-357.jar:?]
	at cn.nukkit.raknet.server.ServerHandler.handlePacket(ServerHandler.java:132) [nukkit-357.jar:?]
	at cn.nukkit.network.RakNetInterface.process(RakNetInterface.java:66) [nukkit-357.jar:?]
	at cn.nukkit.network.Network.processInterfaces(Network.java:83) [nukkit-357.jar:?]
	at cn.nukkit.Server.tick(Server.java:1124) [nukkit-357.jar:?]
	at cn.nukkit.Server.tickProcessor(Server.java:903) [nukkit-357.jar:?]
	at cn.nukkit.Server.start(Server.java:880) [nukkit-357.jar:?]
	at cn.nukkit.Server.<init>(Server.java:565) [nukkit-357.jar:?]
	at cn.nukkit.Nukkit.main(Nukkit.java:112) [nukkit-357.jar:?]
Caused by: java.lang.NullPointerException
	at net.llamadevelopment.reportsystem.listeners.FormListener.on(FormListener.java:77) ~[?:?]
	at sun.reflect.GeneratedMethodAccessor29.invoke(Unknown Source) ~[?:?]
	at sun.reflect.DelegatingMethodAccessorImpl.invoke(Unknown Source) ~[?:1.8.0_211]
	at java.lang.reflect.Method.invoke(Unknown Source) ~[?:1.8.0_211]
	at cn.nukkit.plugin.MethodEventExecutor.execute(MethodEventExecutor.java:29) ~[nukkit-357.jar:?]
	... 16 more
2019-12-24 22:18:28.746 [main] FATAL - Could not pass event "cn.nukkit.event.player.PlayerFormRespondedEvent" to "ReportSystem v1.0-SNAPSHOT": null on net.llamadevelopment.reportsystem.listeners.FormListener
2019-12-24 22:18:28.764 [main] ERROR - Throwing
cn.nukkit.utils.EventException: null
	at cn.nukkit.plugin.MethodEventExecutor.execute(MethodEventExecutor.java:34) ~[nukkit-357.jar:?]
	at cn.nukkit.plugin.RegisteredListener.callEvent(RegisteredListener.java:56) ~[nukkit-357.jar:?]
	at cn.nukkit.plugin.PluginManager.callEvent(PluginManager.java:546) ~[nukkit-357.jar:?]
	at cn.nukkit.Player.handleDataPacket(Player.java:2609) ~[nukkit-357.jar:?]
	at java.util.ArrayList.forEach(Unknown Source) [?:1.8.0_211]
	at cn.nukkit.network.Network.processPackets(Network.java:197) [nukkit-357.jar:?]
	at cn.nukkit.network.Network.processBatch(Network.java:180) [nukkit-357.jar:?]
	at cn.nukkit.Player.handleDataPacket(Player.java:2092) [nukkit-357.jar:?]
	at cn.nukkit.network.RakNetInterface.handleEncapsulated(RakNetInterface.java:157) [nukkit-357.jar:?]
	at cn.nukkit.raknet.server.ServerHandler.handlePacket(ServerHandler.java:132) [nukkit-357.jar:?]
	at cn.nukkit.network.RakNetInterface.process(RakNetInterface.java:66) [nukkit-357.jar:?]
	at cn.nukkit.network.Network.processInterfaces(Network.java:83) [nukkit-357.jar:?]
	at cn.nukkit.Server.tick(Server.java:1124) [nukkit-357.jar:?]
	at cn.nukkit.Server.tickProcessor(Server.java:903) [nukkit-357.jar:?]
	at cn.nukkit.Server.start(Server.java:880) [nukkit-357.jar:?]
	at cn.nukkit.Server.<init>(Server.java:565) [nukkit-357.jar:?]
	at cn.nukkit.Nukkit.main(Nukkit.java:112) [nukkit-357.jar:?]
Caused by: java.lang.NullPointerException
	at net.llamadevelopment.reportsystem.listeners.FormListener.on(FormListener.java:77) ~[?:?]
	at sun.reflect.GeneratedMethodAccessor29.invoke(Unknown Source) ~[?:?]
	at sun.reflect.DelegatingMethodAccessorImpl.invoke(Unknown Source) ~[?:1.8.0_211]
	at java.lang.reflect.Method.invoke(Unknown Source) ~[?:1.8.0_211]
	at cn.nukkit.plugin.MethodEventExecutor.execute(MethodEventExecutor.java:29) ~[nukkit-357.jar:?]
	... 16 more
2019-12-24 22:18:30.297 [main] FATAL - Could not pass event "cn.nukkit.event.player.PlayerFormRespondedEvent" to "ReportSystem v1.0-SNAPSHOT": null on net.llamadevelopment.reportsystem.listeners.FormListener
2019-12-24 22:18:30.303 [main] ERROR - Throwing
cn.nukkit.utils.EventException: null
	at cn.nukkit.plugin.MethodEventExecutor.execute(MethodEventExecutor.java:34) ~[nukkit-357.jar:?]
	at cn.nukkit.plugin.RegisteredListener.callEvent(RegisteredListener.java:56) ~[nukkit-357.jar:?]
	at cn.nukkit.plugin.PluginManager.callEvent(PluginManager.java:546) ~[nukkit-357.jar:?]
	at cn.nukkit.Player.handleDataPacket(Player.java:2609) ~[nukkit-357.jar:?]
	at java.util.ArrayList.forEach(Unknown Source) [?:1.8.0_211]
	at cn.nukkit.network.Network.processPackets(Network.java:197) [nukkit-357.jar:?]
	at cn.nukkit.network.Network.processBatch(Network.java:180) [nukkit-357.jar:?]
	at cn.nukkit.Player.handleDataPacket(Player.java:2092) [nukkit-357.jar:?]
	at cn.nukkit.network.RakNetInterface.handleEncapsulated(RakNetInterface.java:157) [nukkit-357.jar:?]
	at cn.nukkit.raknet.server.ServerHandler.handlePacket(ServerHandler.java:132) [nukkit-357.jar:?]
	at cn.nukkit.network.RakNetInterface.process(RakNetInterface.java:68) [nukkit-357.jar:?]
	at cn.nukkit.network.Network.processInterfaces(Network.java:83) [nukkit-357.jar:?]
	at cn.nukkit.Server.tick(Server.java:1124) [nukkit-357.jar:?]
	at cn.nukkit.Server.tickProcessor(Server.java:903) [nukkit-357.jar:?]
	at cn.nukkit.Server.start(Server.java:880) [nukkit-357.jar:?]
	at cn.nukkit.Server.<init>(Server.java:565) [nukkit-357.jar:?]
	at cn.nukkit.Nukkit.main(Nukkit.java:112) [nukkit-357.jar:?]
Caused by: java.lang.NullPointerException
	at net.llamadevelopment.reportsystem.listeners.FormListener.on(FormListener.java:77) ~[?:?]
	at sun.reflect.GeneratedMethodAccessor29.invoke(Unknown Source) ~[?:?]
	at sun.reflect.DelegatingMethodAccessorImpl.invoke(Unknown Source) ~[?:1.8.0_211]
	at java.lang.reflect.Method.invoke(Unknown Source) ~[?:1.8.0_211]
	at cn.nukkit.plugin.MethodEventExecutor.execute(MethodEventExecutor.java:29) ~[nukkit-357.jar:?]
	... 16 more
2019-12-24 22:18:40.950 [main] FATAL - Could not pass event "cn.nukkit.event.player.PlayerFormRespondedEvent" to "ReportSystem v1.0-SNAPSHOT": null on net.llamadevelopment.reportsystem.listeners.FormListener
2019-12-24 22:18:40.965 [main] ERROR - Throwing
cn.nukkit.utils.EventException: null
	at cn.nukkit.plugin.MethodEventExecutor.execute(MethodEventExecutor.java:34) ~[nukkit-357.jar:?]
	at cn.nukkit.plugin.RegisteredListener.callEvent(RegisteredListener.java:56) ~[nukkit-357.jar:?]
	at cn.nukkit.plugin.PluginManager.callEvent(PluginManager.java:546) ~[nukkit-357.jar:?]
	at cn.nukkit.Player.handleDataPacket(Player.java:2609) ~[nukkit-357.jar:?]
	at java.util.ArrayList.forEach(Unknown Source) [?:1.8.0_211]
	at cn.nukkit.network.Network.processPackets(Network.java:197) [nukkit-357.jar:?]
	at cn.nukkit.network.Network.processBatch(Network.java:180) [nukkit-357.jar:?]
	at cn.nukkit.Player.handleDataPacket(Player.java:2092) [nukkit-357.jar:?]
	at cn.nukkit.network.RakNetInterface.handleEncapsulated(RakNetInterface.java:157) [nukkit-357.jar:?]
	at cn.nukkit.raknet.server.ServerHandler.handlePacket(ServerHandler.java:132) [nukkit-357.jar:?]
	at cn.nukkit.network.RakNetInterface.process(RakNetInterface.java:66) [nukkit-357.jar:?]
	at cn.nukkit.network.Network.processInterfaces(Network.java:83) [nukkit-357.jar:?]
	at cn.nukkit.Server.tick(Server.java:1124) [nukkit-357.jar:?]
	at cn.nukkit.Server.tickProcessor(Server.java:903) [nukkit-357.jar:?]
	at cn.nukkit.Server.start(Server.java:880) [nukkit-357.jar:?]
	at cn.nukkit.Server.<init>(Server.java:565) [nukkit-357.jar:?]
	at cn.nukkit.Nukkit.main(Nukkit.java:112) [nukkit-357.jar:?]
Caused by: java.lang.NullPointerException
	at net.llamadevelopment.reportsystem.listeners.FormListener.on(FormListener.java:77) ~[?:?]
	at sun.reflect.GeneratedMethodAccessor29.invoke(Unknown Source) ~[?:?]
	at sun.reflect.DelegatingMethodAccessorImpl.invoke(Unknown Source) ~[?:1.8.0_211]
	at java.lang.reflect.Method.invoke(Unknown Source) ~[?:1.8.0_211]
	at cn.nukkit.plugin.MethodEventExecutor.execute(MethodEventExecutor.java:29) ~[nukkit-357.jar:?]
	... 16 more
2019-12-24 22:18:42.297 [main] FATAL - Could not pass event "cn.nukkit.event.player.PlayerFormRespondedEvent" to "ReportSystem v1.0-SNAPSHOT": null on net.llamadevelopment.reportsystem.listeners.FormListener
2019-12-24 22:18:42.303 [main] ERROR - Throwing
cn.nukkit.utils.EventException: null
	at cn.nukkit.plugin.MethodEventExecutor.execute(MethodEventExecutor.java:34) ~[nukkit-357.jar:?]
	at cn.nukkit.plugin.RegisteredListener.callEvent(RegisteredListener.java:56) ~[nukkit-357.jar:?]
	at cn.nukkit.plugin.PluginManager.callEvent(PluginManager.java:546) ~[nukkit-357.jar:?]
	at cn.nukkit.Player.handleDataPacket(Player.java:2609) ~[nukkit-357.jar:?]
	at java.util.ArrayList.forEach(Unknown Source) [?:1.8.0_211]
	at cn.nukkit.network.Network.processPackets(Network.java:197) [nukkit-357.jar:?]
	at cn.nukkit.network.Network.processBatch(Network.java:180) [nukkit-357.jar:?]
	at cn.nukkit.Player.handleDataPacket(Player.java:2092) [nukkit-357.jar:?]
	at cn.nukkit.network.RakNetInterface.handleEncapsulated(RakNetInterface.java:157) [nukkit-357.jar:?]
	at cn.nukkit.raknet.server.ServerHandler.handlePacket(ServerHandler.java:132) [nukkit-357.jar:?]
	at cn.nukkit.network.RakNetInterface.process(RakNetInterface.java:66) [nukkit-357.jar:?]
	at cn.nukkit.network.Network.processInterfaces(Network.java:83) [nukkit-357.jar:?]
	at cn.nukkit.Server.tick(Server.java:1124) [nukkit-357.jar:?]
	at cn.nukkit.Server.tickProcessor(Server.java:903) [nukkit-357.jar:?]
	at cn.nukkit.Server.start(Server.java:880) [nukkit-357.jar:?]
	at cn.nukkit.Server.<init>(Server.java:565) [nukkit-357.jar:?]
	at cn.nukkit.Nukkit.main(Nukkit.java:112) [nukkit-357.jar:?]
Caused by: java.lang.NullPointerException
	at net.llamadevelopment.reportsystem.listeners.FormListener.on(FormListener.java:77) ~[?:?]
	at sun.reflect.GeneratedMethodAccessor29.invoke(Unknown Source) ~[?:?]
	at sun.reflect.DelegatingMethodAccessorImpl.invoke(Unknown Source) ~[?:1.8.0_211]
	at java.lang.reflect.Method.invoke(Unknown Source) ~[?:1.8.0_211]
	at cn.nukkit.plugin.MethodEventExecutor.execute(MethodEventExecutor.java:29) ~[nukkit-357.jar:?]
	... 16 more
2019-12-24 22:18:44.395 [main] FATAL - Could not pass event "cn.nukkit.event.player.PlayerFormRespondedEvent" to "ReportSystem v1.0-SNAPSHOT": null on net.llamadevelopment.reportsystem.listeners.FormListener
2019-12-24 22:18:44.403 [main] ERROR - Throwing
cn.nukkit.utils.EventException: null
	at cn.nukkit.plugin.MethodEventExecutor.execute(MethodEventExecutor.java:34) ~[nukkit-357.jar:?]
	at cn.nukkit.plugin.RegisteredListener.callEvent(RegisteredListener.java:56) ~[nukkit-357.jar:?]
	at cn.nukkit.plugin.PluginManager.callEvent(PluginManager.java:546) ~[nukkit-357.jar:?]
	at cn.nukkit.Player.handleDataPacket(Player.java:2609) ~[nukkit-357.jar:?]
	at java.util.ArrayList.forEach(Unknown Source) [?:1.8.0_211]
	at cn.nukkit.network.Network.processPackets(Network.java:197) [nukkit-357.jar:?]
	at cn.nukkit.network.Network.processBatch(Network.java:180) [nukkit-357.jar:?]
	at cn.nukkit.Player.handleDataPacket(Player.java:2092) [nukkit-357.jar:?]
	at cn.nukkit.network.RakNetInterface.handleEncapsulated(RakNetInterface.java:157) [nukkit-357.jar:?]
	at cn.nukkit.raknet.server.ServerHandler.handlePacket(ServerHandler.java:132) [nukkit-357.jar:?]
	at cn.nukkit.network.RakNetInterface.process(RakNetInterface.java:66) [nukkit-357.jar:?]
	at cn.nukkit.network.Network.processInterfaces(Network.java:83) [nukkit-357.jar:?]
	at cn.nukkit.Server.tick(Server.java:1124) [nukkit-357.jar:?]
	at cn.nukkit.Server.tickProcessor(Server.java:903) [nukkit-357.jar:?]
	at cn.nukkit.Server.start(Server.java:880) [nukkit-357.jar:?]
	at cn.nukkit.Server.<init>(Server.java:565) [nukkit-357.jar:?]
	at cn.nukkit.Nukkit.main(Nukkit.java:112) [nukkit-357.jar:?]
Caused by: java.lang.NullPointerException
	at net.llamadevelopment.reportsystem.listeners.FormListener.on(FormListener.java:77) ~[?:?]
	at sun.reflect.GeneratedMethodAccessor29.invoke(Unknown Source) ~[?:?]
	at sun.reflect.DelegatingMethodAccessorImpl.invoke(Unknown Source) ~[?:1.8.0_211]
	at java.lang.reflect.Method.invoke(Unknown Source) ~[?:1.8.0_211]
	at cn.nukkit.plugin.MethodEventExecutor.execute(MethodEventExecutor.java:29) ~[nukkit-357.jar:?]
	... 16 more
2019-12-24 22:18:45.447 [main] FATAL - Could not pass event "cn.nukkit.event.player.PlayerFormRespondedEvent" to "ReportSystem v1.0-SNAPSHOT": null on net.llamadevelopment.reportsystem.listeners.FormListener
2019-12-24 22:18:45.452 [main] ERROR - Throwing
cn.nukkit.utils.EventException: null
	at cn.nukkit.plugin.MethodEventExecutor.execute(MethodEventExecutor.java:34) ~[nukkit-357.jar:?]
	at cn.nukkit.plugin.RegisteredListener.callEvent(RegisteredListener.java:56) ~[nukkit-357.jar:?]
	at cn.nukkit.plugin.PluginManager.callEvent(PluginManager.java:546) ~[nukkit-357.jar:?]
	at cn.nukkit.Player.handleDataPacket(Player.java:2609) ~[nukkit-357.jar:?]
	at java.util.ArrayList.forEach(Unknown Source) [?:1.8.0_211]
	at cn.nukkit.network.Network.processPackets(Network.java:197) [nukkit-357.jar:?]
	at cn.nukkit.network.Network.processBatch(Network.java:180) [nukkit-357.jar:?]
	at cn.nukkit.Player.handleDataPacket(Player.java:2092) [nukkit-357.jar:?]
	at cn.nukkit.network.RakNetInterface.handleEncapsulated(RakNetInterface.java:157) [nukkit-357.jar:?]
	at cn.nukkit.raknet.server.ServerHandler.handlePacket(ServerHandler.java:132) [nukkit-357.jar:?]
	at cn.nukkit.network.RakNetInterface.process(RakNetInterface.java:68) [nukkit-357.jar:?]
	at cn.nukkit.network.Network.processInterfaces(Network.java:83) [nukkit-357.jar:?]
	at cn.nukkit.Server.tick(Server.java:1124) [nukkit-357.jar:?]
	at cn.nukkit.Server.tickProcessor(Server.java:903) [nukkit-357.jar:?]
	at cn.nukkit.Server.start(Server.java:880) [nukkit-357.jar:?]
	at cn.nukkit.Server.<init>(Server.java:565) [nukkit-357.jar:?]
	at cn.nukkit.Nukkit.main(Nukkit.java:112) [nukkit-357.jar:?]
Caused by: java.lang.NullPointerException
	at net.llamadevelopment.reportsystem.listeners.FormListener.on(FormListener.java:77) ~[?:?]
	at sun.reflect.GeneratedMethodAccessor29.invoke(Unknown Source) ~[?:?]
	at sun.reflect.DelegatingMethodAccessorImpl.invoke(Unknown Source) ~[?:1.8.0_211]
	at java.lang.reflect.Method.invoke(Unknown Source) ~[?:1.8.0_211]
	at cn.nukkit.plugin.MethodEventExecutor.execute(MethodEventExecutor.java:29) ~[nukkit-357.jar:?]
	... 16 more
2019-12-24 22:18:49.902 [main] FATAL - Could not pass event "cn.nukkit.event.player.PlayerFormRespondedEvent" to "ReportSystem v1.0-SNAPSHOT": null on net.llamadevelopment.reportsystem.listeners.FormListener
2019-12-24 22:18:49.912 [main] ERROR - Throwing
cn.nukkit.utils.EventException: null
	at cn.nukkit.plugin.MethodEventExecutor.execute(MethodEventExecutor.java:34) ~[nukkit-357.jar:?]
	at cn.nukkit.plugin.RegisteredListener.callEvent(RegisteredListener.java:56) ~[nukkit-357.jar:?]
	at cn.nukkit.plugin.PluginManager.callEvent(PluginManager.java:546) ~[nukkit-357.jar:?]
	at cn.nukkit.Player.handleDataPacket(Player.java:2609) ~[nukkit-357.jar:?]
	at java.util.ArrayList.forEach(Unknown Source) [?:1.8.0_211]
	at cn.nukkit.network.Network.processPackets(Network.java:197) [nukkit-357.jar:?]
	at cn.nukkit.network.Network.processBatch(Network.java:180) [nukkit-357.jar:?]
	at cn.nukkit.Player.handleDataPacket(Player.java:2092) [nukkit-357.jar:?]
	at cn.nukkit.network.RakNetInterface.handleEncapsulated(RakNetInterface.java:157) [nukkit-357.jar:?]
	at cn.nukkit.raknet.server.ServerHandler.handlePacket(ServerHandler.java:132) [nukkit-357.jar:?]
	at cn.nukkit.network.RakNetInterface.process(RakNetInterface.java:66) [nukkit-357.jar:?]
	at cn.nukkit.network.Network.processInterfaces(Network.java:83) [nukkit-357.jar:?]
	at cn.nukkit.Server.tick(Server.java:1124) [nukkit-357.jar:?]
	at cn.nukkit.Server.tickProcessor(Server.java:903) [nukkit-357.jar:?]
	at cn.nukkit.Server.start(Server.java:880) [nukkit-357.jar:?]
	at cn.nukkit.Server.<init>(Server.java:565) [nukkit-357.jar:?]
	at cn.nukkit.Nukkit.main(Nukkit.java:112) [nukkit-357.jar:?]
Caused by: java.lang.NullPointerException
	at net.llamadevelopment.reportsystem.listeners.FormListener.on(FormListener.java:77) ~[?:?]
	at sun.reflect.GeneratedMethodAccessor29.invoke(Unknown Source) ~[?:?]
	at sun.reflect.DelegatingMethodAccessorImpl.invoke(Unknown Source) ~[?:1.8.0_211]
	at java.lang.reflect.Method.invoke(Unknown Source) ~[?:1.8.0_211]
	at cn.nukkit.plugin.MethodEventExecutor.execute(MethodEventExecutor.java:29) ~[nukkit-357.jar:?]
	... 16 more
2019-12-24 22:18:51.244 [main] FATAL - Could not pass event "cn.nukkit.event.player.PlayerFormRespondedEvent" to "ReportSystem v1.0-SNAPSHOT": null on net.llamadevelopment.reportsystem.listeners.FormListener
2019-12-24 22:18:51.253 [main] ERROR - Throwing
cn.nukkit.utils.EventException: null
	at cn.nukkit.plugin.MethodEventExecutor.execute(MethodEventExecutor.java:34) ~[nukkit-357.jar:?]
	at cn.nukkit.plugin.RegisteredListener.callEvent(RegisteredListener.java:56) ~[nukkit-357.jar:?]
	at cn.nukkit.plugin.PluginManager.callEvent(PluginManager.java:546) ~[nukkit-357.jar:?]
	at cn.nukkit.Player.handleDataPacket(Player.java:2609) ~[nukkit-357.jar:?]
	at java.util.ArrayList.forEach(Unknown Source) [?:1.8.0_211]
	at cn.nukkit.network.Network.processPackets(Network.java:197) [nukkit-357.jar:?]
	at cn.nukkit.network.Network.processBatch(Network.java:180) [nukkit-357.jar:?]
	at cn.nukkit.Player.handleDataPacket(Player.java:2092) [nukkit-357.jar:?]
	at cn.nukkit.network.RakNetInterface.handleEncapsulated(RakNetInterface.java:157) [nukkit-357.jar:?]
	at cn.nukkit.raknet.server.ServerHandler.handlePacket(ServerHandler.java:132) [nukkit-357.jar:?]
	at cn.nukkit.network.RakNetInterface.process(RakNetInterface.java:68) [nukkit-357.jar:?]
	at cn.nukkit.network.Network.processInterfaces(Network.java:83) [nukkit-357.jar:?]
	at cn.nukkit.Server.tick(Server.java:1124) [nukkit-357.jar:?]
	at cn.nukkit.Server.tickProcessor(Server.java:903) [nukkit-357.jar:?]
	at cn.nukkit.Server.start(Server.java:880) [nukkit-357.jar:?]
	at cn.nukkit.Server.<init>(Server.java:565) [nukkit-357.jar:?]
	at cn.nukkit.Nukkit.main(Nukkit.java:112) [nukkit-357.jar:?]
Caused by: java.lang.NullPointerException
	at net.llamadevelopment.reportsystem.listeners.FormListener.on(FormListener.java:77) ~[?:?]
	at sun.reflect.GeneratedMethodAccessor29.invoke(Unknown Source) ~[?:?]
	at sun.reflect.DelegatingMethodAccessorImpl.invoke(Unknown Source) ~[?:1.8.0_211]
	at java.lang.reflect.Method.invoke(Unknown Source) ~[?:1.8.0_211]
	at cn.nukkit.plugin.MethodEventExecutor.execute(MethodEventExecutor.java:29) ~[nukkit-357.jar:?]
	... 16 more
2019-12-24 22:18:52.545 [main] FATAL - Could not pass event "cn.nukkit.event.player.PlayerFormRespondedEvent" to "ReportSystem v1.0-SNAPSHOT": null on net.llamadevelopment.reportsystem.listeners.FormListener
2019-12-24 22:18:52.551 [main] ERROR - Throwing
cn.nukkit.utils.EventException: null
	at cn.nukkit.plugin.MethodEventExecutor.execute(MethodEventExecutor.java:34) ~[nukkit-357.jar:?]
	at cn.nukkit.plugin.RegisteredListener.callEvent(RegisteredListener.java:56) ~[nukkit-357.jar:?]
	at cn.nukkit.plugin.PluginManager.callEvent(PluginManager.java:546) ~[nukkit-357.jar:?]
	at cn.nukkit.Player.handleDataPacket(Player.java:2609) ~[nukkit-357.jar:?]
	at java.util.ArrayList.forEach(Unknown Source) [?:1.8.0_211]
	at cn.nukkit.network.Network.processPackets(Network.java:197) [nukkit-357.jar:?]
	at cn.nukkit.network.Network.processBatch(Network.java:180) [nukkit-357.jar:?]
	at cn.nukkit.Player.handleDataPacket(Player.java:2092) [nukkit-357.jar:?]
	at cn.nukkit.network.RakNetInterface.handleEncapsulated(RakNetInterface.java:157) [nukkit-357.jar:?]
	at cn.nukkit.raknet.server.ServerHandler.handlePacket(ServerHandler.java:132) [nukkit-357.jar:?]
	at cn.nukkit.network.RakNetInterface.process(RakNetInterface.java:66) [nukkit-357.jar:?]
	at cn.nukkit.network.Network.processInterfaces(Network.java:83) [nukkit-357.jar:?]
	at cn.nukkit.Server.tick(Server.java:1124) [nukkit-357.jar:?]
	at cn.nukkit.Server.tickProcessor(Server.java:903) [nukkit-357.jar:?]
	at cn.nukkit.Server.start(Server.java:880) [nukkit-357.jar:?]
	at cn.nukkit.Server.<init>(Server.java:565) [nukkit-357.jar:?]
	at cn.nukkit.Nukkit.main(Nukkit.java:112) [nukkit-357.jar:?]
Caused by: java.lang.NullPointerException
	at net.llamadevelopment.reportsystem.listeners.FormListener.on(FormListener.java:77) ~[?:?]
	at sun.reflect.GeneratedMethodAccessor29.invoke(Unknown Source) ~[?:?]
	at sun.reflect.DelegatingMethodAccessorImpl.invoke(Unknown Source) ~[?:1.8.0_211]
	at java.lang.reflect.Method.invoke(Unknown Source) ~[?:1.8.0_211]
	at cn.nukkit.plugin.MethodEventExecutor.execute(MethodEventExecutor.java:29) ~[nukkit-357.jar:?]
	... 16 more
2019-12-24 22:18:53.644 [main] FATAL - Could not pass event "cn.nukkit.event.player.PlayerFormRespondedEvent" to "ReportSystem v1.0-SNAPSHOT": null on net.llamadevelopment.reportsystem.listeners.FormListener
2019-12-24 22:18:53.649 [main] ERROR - Throwing
cn.nukkit.utils.EventException: null
	at cn.nukkit.plugin.MethodEventExecutor.execute(MethodEventExecutor.java:34) ~[nukkit-357.jar:?]
	at cn.nukkit.plugin.RegisteredListener.callEvent(RegisteredListener.java:56) ~[nukkit-357.jar:?]
	at cn.nukkit.plugin.PluginManager.callEvent(PluginManager.java:546) ~[nukkit-357.jar:?]
	at cn.nukkit.Player.handleDataPacket(Player.java:2609) ~[nukkit-357.jar:?]
	at java.util.ArrayList.forEach(Unknown Source) [?:1.8.0_211]
	at cn.nukkit.network.Network.processPackets(Network.java:197) [nukkit-357.jar:?]
	at cn.nukkit.network.Network.processBatch(Network.java:180) [nukkit-357.jar:?]
	at cn.nukkit.Player.handleDataPacket(Player.java:2092) [nukkit-357.jar:?]
	at cn.nukkit.network.RakNetInterface.handleEncapsulated(RakNetInterface.java:157) [nukkit-357.jar:?]
	at cn.nukkit.raknet.server.ServerHandler.handlePacket(ServerHandler.java:132) [nukkit-357.jar:?]
	at cn.nukkit.network.RakNetInterface.process(RakNetInterface.java:66) [nukkit-357.jar:?]
	at cn.nukkit.network.Network.processInterfaces(Network.java:83) [nukkit-357.jar:?]
	at cn.nukkit.Server.tick(Server.java:1124) [nukkit-357.jar:?]
	at cn.nukkit.Server.tickProcessor(Server.java:903) [nukkit-357.jar:?]
	at cn.nukkit.Server.start(Server.java:880) [nukkit-357.jar:?]
	at cn.nukkit.Server.<init>(Server.java:565) [nukkit-357.jar:?]
	at cn.nukkit.Nukkit.main(Nukkit.java:112) [nukkit-357.jar:?]
Caused by: java.lang.NullPointerException
	at net.llamadevelopment.reportsystem.listeners.FormListener.on(FormListener.java:77) ~[?:?]
	at sun.reflect.GeneratedMethodAccessor29.invoke(Unknown Source) ~[?:?]
	at sun.reflect.DelegatingMethodAccessorImpl.invoke(Unknown Source) ~[?:1.8.0_211]
	at java.lang.reflect.Method.invoke(Unknown Source) ~[?:1.8.0_211]
	at cn.nukkit.plugin.MethodEventExecutor.execute(MethodEventExecutor.java:29) ~[nukkit-357.jar:?]
	... 16 more
2019-12-24 22:19:04.399 [main] INFO  - [Trading_Interface] User LemonSqueezy360 has added a new category of buyable items called Food (ID: Food).
2019-12-24 22:19:06.094 [main] FATAL - Could not pass event "cn.nukkit.event.player.PlayerFormRespondedEvent" to "ReportSystem v1.0-SNAPSHOT": null on net.llamadevelopment.reportsystem.listeners.FormListener
2019-12-24 22:19:06.099 [main] ERROR - Throwing
cn.nukkit.utils.EventException: null
	at cn.nukkit.plugin.MethodEventExecutor.execute(MethodEventExecutor.java:34) ~[nukkit-357.jar:?]
	at cn.nukkit.plugin.RegisteredListener.callEvent(RegisteredListener.java:56) ~[nukkit-357.jar:?]
	at cn.nukkit.plugin.PluginManager.callEvent(PluginManager.java:546) ~[nukkit-357.jar:?]
	at cn.nukkit.Player.handleDataPacket(Player.java:2609) ~[nukkit-357.jar:?]
	at java.util.ArrayList.forEach(Unknown Source) [?:1.8.0_211]
	at cn.nukkit.network.Network.processPackets(Network.java:197) [nukkit-357.jar:?]
	at cn.nukkit.network.Network.processBatch(Network.java:180) [nukkit-357.jar:?]
	at cn.nukkit.Player.handleDataPacket(Player.java:2092) [nukkit-357.jar:?]
	at cn.nukkit.network.RakNetInterface.handleEncapsulated(RakNetInterface.java:157) [nukkit-357.jar:?]
	at cn.nukkit.raknet.server.ServerHandler.handlePacket(ServerHandler.java:132) [nukkit-357.jar:?]
	at cn.nukkit.network.RakNetInterface.process(RakNetInterface.java:66) [nukkit-357.jar:?]
	at cn.nukkit.network.Network.processInterfaces(Network.java:83) [nukkit-357.jar:?]
	at cn.nukkit.Server.tick(Server.java:1124) [nukkit-357.jar:?]
	at cn.nukkit.Server.tickProcessor(Server.java:903) [nukkit-357.jar:?]
	at cn.nukkit.Server.start(Server.java:880) [nukkit-357.jar:?]
	at cn.nukkit.Server.<init>(Server.java:565) [nukkit-357.jar:?]
	at cn.nukkit.Nukkit.main(Nukkit.java:112) [nukkit-357.jar:?]
Caused by: java.lang.NullPointerException
	at net.llamadevelopment.reportsystem.listeners.FormListener.on(FormListener.java:77) ~[?:?]
	at sun.reflect.GeneratedMethodAccessor29.invoke(Unknown Source) ~[?:?]
	at sun.reflect.DelegatingMethodAccessorImpl.invoke(Unknown Source) ~[?:1.8.0_211]
	at java.lang.reflect.Method.invoke(Unknown Source) ~[?:1.8.0_211]
	at cn.nukkit.plugin.MethodEventExecutor.execute(MethodEventExecutor.java:29) ~[nukkit-357.jar:?]
	... 16 more
2019-12-24 22:19:07.695 [main] FATAL - Could not pass event "cn.nukkit.event.player.PlayerFormRespondedEvent" to "ReportSystem v1.0-SNAPSHOT": null on net.llamadevelopment.reportsystem.listeners.FormListener
2019-12-24 22:19:07.701 [main] ERROR - Throwing
cn.nukkit.utils.EventException: null
	at cn.nukkit.plugin.MethodEventExecutor.execute(MethodEventExecutor.java:34) ~[nukkit-357.jar:?]
	at cn.nukkit.plugin.RegisteredListener.callEvent(RegisteredListener.java:56) ~[nukkit-357.jar:?]
	at cn.nukkit.plugin.PluginManager.callEvent(PluginManager.java:546) ~[nukkit-357.jar:?]
	at cn.nukkit.Player.handleDataPacket(Player.java:2609) ~[nukkit-357.jar:?]
	at java.util.ArrayList.forEach(Unknown Source) [?:1.8.0_211]
	at cn.nukkit.network.Network.processPackets(Network.java:197) [nukkit-357.jar:?]
	at cn.nukkit.network.Network.processBatch(Network.java:180) [nukkit-357.jar:?]
	at cn.nukkit.Player.handleDataPacket(Player.java:2092) [nukkit-357.jar:?]
	at cn.nukkit.network.RakNetInterface.handleEncapsulated(RakNetInterface.java:157) [nukkit-357.jar:?]
	at cn.nukkit.raknet.server.ServerHandler.handlePacket(ServerHandler.java:132) [nukkit-357.jar:?]
	at cn.nukkit.network.RakNetInterface.process(RakNetInterface.java:66) [nukkit-357.jar:?]
	at cn.nukkit.network.Network.processInterfaces(Network.java:83) [nukkit-357.jar:?]
	at cn.nukkit.Server.tick(Server.java:1124) [nukkit-357.jar:?]
	at cn.nukkit.Server.tickProcessor(Server.java:903) [nukkit-357.jar:?]
	at cn.nukkit.Server.start(Server.java:880) [nukkit-357.jar:?]
	at cn.nukkit.Server.<init>(Server.java:565) [nukkit-357.jar:?]
	at cn.nukkit.Nukkit.main(Nukkit.java:112) [nukkit-357.jar:?]
Caused by: java.lang.NullPointerException
	at net.llamadevelopment.reportsystem.listeners.FormListener.on(FormListener.java:77) ~[?:?]
	at sun.reflect.GeneratedMethodAccessor29.invoke(Unknown Source) ~[?:?]
	at sun.reflect.DelegatingMethodAccessorImpl.invoke(Unknown Source) ~[?:1.8.0_211]
	at java.lang.reflect.Method.invoke(Unknown Source) ~[?:1.8.0_211]
	at cn.nukkit.plugin.MethodEventExecutor.execute(MethodEventExecutor.java:29) ~[nukkit-357.jar:?]
	... 16 more
2019-12-24 22:19:10.094 [main] FATAL - Could not pass event "cn.nukkit.event.player.PlayerFormRespondedEvent" to "ReportSystem v1.0-SNAPSHOT": null on net.llamadevelopment.reportsystem.listeners.FormListener
2019-12-24 22:19:10.101 [main] ERROR - Throwing
cn.nukkit.utils.EventException: null
	at cn.nukkit.plugin.MethodEventExecutor.execute(MethodEventExecutor.java:34) ~[nukkit-357.jar:?]
	at cn.nukkit.plugin.RegisteredListener.callEvent(RegisteredListener.java:56) ~[nukkit-357.jar:?]
	at cn.nukkit.plugin.PluginManager.callEvent(PluginManager.java:546) ~[nukkit-357.jar:?]
	at cn.nukkit.Player.handleDataPacket(Player.java:2609) ~[nukkit-357.jar:?]
	at java.util.ArrayList.forEach(Unknown Source) [?:1.8.0_211]
	at cn.nukkit.network.Network.processPackets(Network.java:197) [nukkit-357.jar:?]
	at cn.nukkit.network.Network.processBatch(Network.java:180) [nukkit-357.jar:?]
	at cn.nukkit.Player.handleDataPacket(Player.java:2092) [nukkit-357.jar:?]
	at cn.nukkit.network.RakNetInterface.handleEncapsulated(RakNetInterface.java:157) [nukkit-357.jar:?]
	at cn.nukkit.raknet.server.ServerHandler.handlePacket(ServerHandler.java:132) [nukkit-357.jar:?]
	at cn.nukkit.network.RakNetInterface.process(RakNetInterface.java:66) [nukkit-357.jar:?]
	at cn.nukkit.network.Network.processInterfaces(Network.java:83) [nukkit-357.jar:?]
	at cn.nukkit.Server.tick(Server.java:1124) [nukkit-357.jar:?]
	at cn.nukkit.Server.tickProcessor(Server.java:903) [nukkit-357.jar:?]
	at cn.nukkit.Server.start(Server.java:880) [nukkit-357.jar:?]
	at cn.nukkit.Server.<init>(Server.java:565) [nukkit-357.jar:?]
	at cn.nukkit.Nukkit.main(Nukkit.java:112) [nukkit-357.jar:?]
Caused by: java.lang.NullPointerException
	at net.llamadevelopment.reportsystem.listeners.FormListener.on(FormListener.java:77) ~[?:?]
	at sun.reflect.GeneratedMethodAccessor29.invoke(Unknown Source) ~[?:?]
	at sun.reflect.DelegatingMethodAccessorImpl.invoke(Unknown Source) ~[?:1.8.0_211]
	at java.lang.reflect.Method.invoke(Unknown Source) ~[?:1.8.0_211]
	at cn.nukkit.plugin.MethodEventExecutor.execute(MethodEventExecutor.java:29) ~[nukkit-357.jar:?]
	... 16 more
2019-12-24 22:19:21.799 [main] INFO  - [Trading_Interface] User LemonSqueezy360 has added Air (ID: porkchops) to the list of buyable items, price: 5©.
2019-12-24 22:19:23.344 [main] FATAL - Could not pass event "cn.nukkit.event.player.PlayerFormRespondedEvent" to "ReportSystem v1.0-SNAPSHOT": null on net.llamadevelopment.reportsystem.listeners.FormListener
2019-12-24 22:19:23.349 [main] ERROR - Throwing
cn.nukkit.utils.EventException: null
	at cn.nukkit.plugin.MethodEventExecutor.execute(MethodEventExecutor.java:34) ~[nukkit-357.jar:?]
	at cn.nukkit.plugin.RegisteredListener.callEvent(RegisteredListener.java:56) ~[nukkit-357.jar:?]
	at cn.nukkit.plugin.PluginManager.callEvent(PluginManager.java:546) ~[nukkit-357.jar:?]
	at cn.nukkit.Player.handleDataPacket(Player.java:2609) ~[nukkit-357.jar:?]
	at java.util.ArrayList.forEach(Unknown Source) [?:1.8.0_211]
	at cn.nukkit.network.Network.processPackets(Network.java:197) [nukkit-357.jar:?]
	at cn.nukkit.network.Network.processBatch(Network.java:180) [nukkit-357.jar:?]
	at cn.nukkit.Player.handleDataPacket(Player.java:2092) [nukkit-357.jar:?]
	at cn.nukkit.network.RakNetInterface.handleEncapsulated(RakNetInterface.java:157) [nukkit-357.jar:?]
	at cn.nukkit.raknet.server.ServerHandler.handlePacket(ServerHandler.java:132) [nukkit-357.jar:?]
	at cn.nukkit.network.RakNetInterface.process(RakNetInterface.java:66) [nukkit-357.jar:?]
	at cn.nukkit.network.Network.processInterfaces(Network.java:83) [nukkit-357.jar:?]
	at cn.nukkit.Server.tick(Server.java:1124) [nukkit-357.jar:?]
	at cn.nukkit.Server.tickProcessor(Server.java:903) [nukkit-357.jar:?]
	at cn.nukkit.Server.start(Server.java:880) [nukkit-357.jar:?]
	at cn.nukkit.Server.<init>(Server.java:565) [nukkit-357.jar:?]
	at cn.nukkit.Nukkit.main(Nukkit.java:112) [nukkit-357.jar:?]
Caused by: java.lang.NullPointerException
	at net.llamadevelopment.reportsystem.listeners.FormListener.on(FormListener.java:77) ~[?:?]
	at sun.reflect.GeneratedMethodAccessor29.invoke(Unknown Source) ~[?:?]
	at sun.reflect.DelegatingMethodAccessorImpl.invoke(Unknown Source) ~[?:1.8.0_211]
	at java.lang.reflect.Method.invoke(Unknown Source) ~[?:1.8.0_211]
	at cn.nukkit.plugin.MethodEventExecutor.execute(MethodEventExecutor.java:29) ~[nukkit-357.jar:?]
	... 16 more
2019-12-24 22:20:01.042 [main] INFO  - §c5 seconds left to cleaning items on the ground, animals and mobs!
2019-12-24 22:20:02.042 [main] INFO  - §c4 seconds left to cleaning items on the ground, animals and mobs!
2019-12-24 22:20:03.040 [main] INFO  - §c3 seconds left to cleaning items on the ground, animals and mobs!
2019-12-24 22:20:04.040 [main] INFO  - §c2 seconds left to cleaning items on the ground, animals and mobs!
2019-12-24 22:20:05.040 [main] INFO  - §c1 second left to cleaning items on the ground, animals and mobs!
2019-12-24 22:20:06.047 [main] INFO  - §cItems on the ground, animals and mobs deleted!
2019-12-24 22:21:06.001 [Nukkit Asynchronous Task Handler #3] INFO  - [§eSRegionProtector§f] §aRemoved 0 empty chunks.
2019-12-24 22:21:06.023 [pool-4-thread-1] INFO  - [§eSRegionProtector§f] §aStarting auto save...
2019-12-24 22:21:06.058 [pool-4-thread-1] INFO  - [§eSRegionProtector§f] §a0 regions was automatically saved
2019-12-24 22:25:01.051 [main] INFO  - §c5 seconds left to cleaning items on the ground, animals and mobs!
2019-12-24 22:25:02.043 [main] INFO  - §c4 seconds left to cleaning items on the ground, animals and mobs!
2019-12-24 22:25:03.043 [main] INFO  - §c3 seconds left to cleaning items on the ground, animals and mobs!
2019-12-24 22:25:04.054 [main] INFO  - §c2 seconds left to cleaning items on the ground, animals and mobs!
2019-12-24 22:25:05.045 [main] INFO  - §c1 second left to cleaning items on the ground, animals and mobs!
2019-12-24 22:25:06.048 [main] INFO  - §cItems on the ground, animals and mobs deleted!
2019-12-24 22:27:06.004 [Nukkit Asynchronous Task Handler #1] INFO  - [§eSRegionProtector§f] §aRemoved 0 empty chunks.
2019-12-24 22:27:06.006 [pool-4-thread-1] INFO  - [§eSRegionProtector§f] §aStarting auto save...
2019-12-24 22:27:06.055 [pool-4-thread-1] INFO  - [§eSRegionProtector§f] §a0 regions was automatically saved
2019-12-24 22:30:01.072 [main] INFO  - §c5 seconds left to cleaning items on the ground, animals and mobs!
2019-12-24 22:30:02.048 [main] INFO  - §c4 seconds left to cleaning items on the ground, animals and mobs!
2019-12-24 22:30:03.074 [main] INFO  - §c3 seconds left to cleaning items on the ground, animals and mobs!
2019-12-24 22:30:04.052 [main] INFO  - §c2 seconds left to cleaning items on the ground, animals and mobs!
2019-12-24 22:30:05.043 [main] INFO  - §c1 second left to cleaning items on the ground, animals and mobs!
2019-12-24 22:30:06.146 [main] INFO  - §cItems on the ground, animals and mobs deleted!
2019-12-24 22:32:48.101 [main] INFO  - [CONSOLE: Stopping the server]
2019-12-24 22:32:48.226 [main] INFO  - §e§a§6LemonSqueezy360§e:  left the game
2019-12-24 22:32:48.336 [main] INFO  - §bLemonSqueezy360§f[/192.168.1.254:19133] logged out due to Server closed
2019-12-24 22:32:48.549 [main] INFO  - Disabling MultiChat v1.0.2
2019-12-24 22:32:48.941 [main] INFO  - Disabling Multipass v${pom.version}
2019-12-24 22:32:49.270 [main] INFO  - Disabling Holograms v3.1.3
2019-12-24 22:32:49.523 [main] INFO  - Disabling ChestShop v1.1.1
2019-12-24 22:32:49.633 [main] INFO  - Disabling Trading_Interface v1.0.2
2019-12-24 22:32:49.668 [main] INFO  - Disabling SRegionProtector v20.2
2019-12-24 22:32:49.718 [main] INFO  - [§eSRegionProtector§f] §aStarting saving...
2019-12-24 22:32:49.726 [main] INFO  - [§eSRegionProtector§f] §aSaved 3 regions
2019-12-24 22:32:49.773 [main] INFO  - Disabling SeeInv v1.0
2019-12-24 22:32:49.785 [main] INFO  - Disabling ReportSystem v1.0-SNAPSHOT
2019-12-24 22:32:49.816 [main] INFO  - [ReportSystem] Disabling ReportSystem...
2019-12-24 22:32:49.904 [main] INFO  - Disabling QuickSpawns v1.0
2019-12-24 22:32:49.986 [main] INFO  - [QuickSpawns] Disabling QuickSpawns..
2019-12-24 22:32:50.045 [main] INFO  - Disabling Pokkit v0.9.1
2019-12-24 22:32:50.099 [main] INFO  - [Pokkit] [Vault] Disabling Vault v1.7.2-b107
2019-12-24 22:32:50.117 [main] INFO  - Disabling PlaceholderAPI v1.3.1
2019-12-24 22:32:50.124 [main] INFO  - Disabling MultiWorld v1.0
2019-12-24 22:32:50.136 [main] INFO  - Disabling LoveRTP v1
2019-12-24 22:32:50.154 [main] INFO  - §8[§bLoveRTP§8] §r§cDisabled
2019-12-24 22:32:50.183 [main] INFO  - Disabling KotlinLib v1.1
2019-12-24 22:32:50.202 [main] INFO  - Disabling FastAsyncWorldEdit v19.03.29-d13b946-1257-22.0.14
2019-12-24 22:32:50.219 [main] INFO  - Disabling FakeInventories v1.0.3
2019-12-24 22:32:50.242 [main] INFO  - Disabling Factions v1.7.0
2019-12-24 22:32:50.295 [main] INFO  - [Factions] [Factions v1.7.0] Disabled
2019-12-24 22:32:50.324 [main] INFO  - Disabling EssentialsNK v1.8.0
2019-12-24 22:32:50.357 [main] INFO  - Disabling EconomyJob v1.0
2019-12-24 22:32:50.371 [main] INFO  - Disabling EconomyAPI v2.0.1
2019-12-24 22:32:50.422 [main] INFO  - Disabling DiscordChat v2.0-beta
2019-12-24 22:32:50.541 [main] INFO  - Disabling CustomEnchantsNK v1.0.0-beta3
2019-12-24 22:32:50.821 [main] INFO  - Disabling AutoCleaner v1.0.1
2019-12-24 22:32:50.842 [main] INFO  - Unloading level "§acruiser§f"
2019-12-24 22:32:51.978 [main] INFO  - Unloading level "§anether§f"
2019-12-24 22:32:52.122 [main] INFO  - Stopping other threads
