2019-12-24 22:41:12.154 [main] INFO  - Loading §anukkit.yml§f ...
2019-12-24 22:41:12.450 [main] INFO  - Loading §aserver.properties§f ...
2019-12-24 22:41:12.510 [main] INFO  - Selected English (eng) as the base language
2019-12-24 22:41:12.519 [main] INFO  - Starting Minecraft: BE server version §bv1.14.0§r
2019-12-24 22:41:12.546 [main] INFO  - Selected Zlib Provider: 2 (cn.nukkit.utils.ZlibThreadLocal)
2019-12-24 22:41:12.802 [main] INFO  - Opening server on 0.0.0.0:19132
2019-12-24 22:41:13.095 [main] INFO  - This server is running Nukkit version §egit-8088000§f "§b§f" (API 1.0.9)
2019-12-24 22:41:13.142 [main] INFO  - Nukkit is distributed under the LGPL License
2019-12-24 22:41:16.811 [main] INFO  - Loading recipes...
2019-12-24 22:41:17.491 [main] INFO  - Loaded 1320 recipes.
2019-12-24 22:41:17.509 [main] INFO  - Successfully loaded 0 resource packs
2019-12-24 22:41:17.833 [main] INFO  - Loading AutoCleaner v1.0.1
2019-12-24 22:41:17.923 [main] INFO  - Loading CustomEnchantsNK v1.0.0-beta3
2019-12-24 22:41:17.983 [main] INFO  - Loading DiscordChat v2.0-beta
2019-12-24 22:41:18.036 [main] INFO  - Loading EconomyAPI v2.0.1
2019-12-24 22:41:18.161 [main] INFO  - Loading EconomyJob v1.0
2019-12-24 22:41:18.167 [RakNet Thread #15] INFO  - Epoll Status is false
2019-12-24 22:41:18.208 [main] INFO  - Loading EssentialsNK v1.8.0
2019-12-24 22:41:18.309 [main] INFO  - Loading Factions v1.7.0
2019-12-24 22:41:18.742 [main] INFO  - Loading FakeInventories v1.0.3
2019-12-24 22:41:18.937 [main] INFO  - Loading FastAsyncWorldEdit v19.03.29-d13b946-1257-22.0.14
2019-12-24 22:41:19.058 [main] INFO  - Loading GCape v2.2
2019-12-24 22:41:19.142 [main] INFO  - [GCape] Loading GCapes by G.M.
2019-12-24 22:41:19.239 [main] INFO  - Loading KotlinLib v1.1
2019-12-24 22:41:19.327 [main] INFO  - Loading LoveRTP v1
2019-12-24 22:41:19.391 [main] INFO  - Loading MultiWorld v1.0
2019-12-24 22:41:19.472 [main] INFO  - Loading Pets v1.3
2019-12-24 22:41:19.532 [main] INFO  - Loading PlaceholderAPI v1.3.1
2019-12-24 22:41:19.816 [main] INFO  - Loading Pokkit v0.9.1
2019-12-24 22:41:20.047 [main] INFO  - [Pokkit] This server is running Nukkit version v1.14.0 (Implementing API version 1.13.2-R0.1-SNAPSHOT)
2019-12-24 22:41:20.096 [main] INFO  - [Pokkit] Server permissions file C:\Users\Lemon\OneDrive\Documents\Music\Desktop\nukkit\plugins\Pokkit\permissions.yml is empty, ignoring it
2019-12-24 22:41:20.195 [main] INFO  - [Pokkit] [Vault] Enabling Vault v1.7.2-b107
2019-12-24 22:41:20.407 [main] INFO  - [Pokkit] [Vault] [Permission] SuperPermissions loaded as backup permission system.
2019-12-24 22:41:20.524 [main] INFO  - [Pokkit] [Vault] Enabled Version 1.7.2-b107
2019-12-24 22:41:20.538 [main] INFO  - Loading QuickSpawns v1.0
2019-12-24 22:41:20.566 [main] INFO  - [QuickSpawns] Loading QuickSpawns...
2019-12-24 22:41:20.577 [main] INFO  - Loading ReportSystem v1.0-SNAPSHOT
2019-12-24 22:41:20.607 [main] INFO  - Loading Scale v2.1
2019-12-24 22:41:20.625 [main] INFO  - Loading SeeInv v1.0
2019-12-24 22:41:20.662 [main] INFO  - Loading SRegionProtector v20.2
2019-12-24 22:41:20.728 [main] INFO  - Loading Trading_Interface v1.0.2
2019-12-24 22:41:20.751 [main] INFO  - Loading ChestShop v1.1.1
2019-12-24 22:41:20.773 [main] INFO  - Loading Holograms v3.1.3
2019-12-24 22:41:20.824 [main] INFO  - [Holograms] Loading characters...
2019-12-24 22:41:21.150 [main] INFO  - [Holograms] Loading config...
2019-12-24 22:41:21.196 [main] INFO  - [Holograms] Loading placeholders
2019-12-24 22:41:21.211 [main] INFO  - [Holograms] Registering default grid sources
2019-12-24 22:41:21.258 [main] INFO  - Loading Multipass v${pom.version}
2019-12-24 22:41:21.292 [main] INFO  - Loading MultiChat v1.0.2
2019-12-24 22:41:21.308 [main] INFO  - Enabling QuickSpawns v1.0
2019-12-24 22:41:21.324 [main] INFO  - [QuickSpawns] Enabling QuickSpawns..
2019-12-24 22:41:21.352 [main] INFO  - Enabling SRegionProtector v20.2
2019-12-24 22:41:21.596 [main] INFO  - [§eSRegionProtector§f] §aData provider was set to YAML
2019-12-24 22:41:21.895 [main] INFO  - [§eSRegionProtector§f] §aLoaded 3 regions and 96 chunks
2019-12-24 22:41:22.112 [main] INFO  - Enabling Holograms v3.1.3
2019-12-24 22:41:22.116 [main] INFO  - [Holograms] Loading grid config...
2019-12-24 22:41:22.131 [main] INFO  - [Holograms] Loading holograms
2019-12-24 22:41:22.305 [main] INFO  - Preparing level "§acruiser§f"
2019-12-24 22:41:22.386 [main] INFO  - Preparing level "§anether§f"
2019-12-24 22:41:22.400 [main] INFO  - Enabling AutoCleaner v1.0.1
2019-12-24 22:41:22.404 [main] INFO  - [AutoCleaner] §2Plugin by Extollite
2019-12-24 22:41:22.417 [main] INFO  - Enabling CustomEnchantsNK v1.0.0-beta3
2019-12-24 22:41:22.462 [main] INFO  - Enabling DiscordChat v2.0-beta
2019-12-24 22:41:27.006 [main] INFO  - Enabling EconomyAPI v2.0.1
2019-12-24 22:41:27.106 [main] WARN  - [EconomyAPI] Data provider was set to: Yaml
2019-12-24 22:41:27.114 [main] INFO  - Enabling EconomyJob v1.0
2019-12-24 22:41:27.136 [main] INFO  - Enabling EssentialsNK v1.8.0
2019-12-24 22:41:27.256 [main] INFO  - [EssentialsNK] EssentialsNK Loaded!
2019-12-24 22:41:27.262 [main] INFO  - Enabling Factions v1.7.0
2019-12-24 22:41:27.269 [main] INFO  - [Factions] [Factions v1.7.0] === ENABLE START ===
2019-12-24 22:41:27.431 [main] INFO  - [Factions] [Factions v1.7.0] Loading board from disk
2019-12-24 22:41:27.547 [main] INFO  - [Factions] [Factions v1.7.0] === ENABLE DONE (Took 273ms) ===
2019-12-24 22:41:27.551 [main] INFO  - Enabling FakeInventories v1.0.3
2019-12-24 22:41:27.565 [main] INFO  - Enabling FastAsyncWorldEdit v19.03.29-d13b946-1257-22.0.14
2019-12-24 22:41:30.102 [main] INFO  - Enabling GCape v2.2
2019-12-24 22:41:30.226 [main] ERROR - [GCape] An unexpected occurred when parsing capes: 
java.lang.ClassCastException: cn.nukkit.utils.SerializedImage cannot be cast to [B
	at CapeListener.<init>(CapeListener.java:19) ~[GCape.jar:?]
	at GCapes.onEnable(GCapes.java:52) [GCape.jar:?]
	at cn.nukkit.plugin.PluginBase.setEnabled(PluginBase.java:89) [nukkit-357.jar:?]
	at cn.nukkit.plugin.JavaPluginLoader.enablePlugin(JavaPluginLoader.java:117) [nukkit-357.jar:?]
	at cn.nukkit.plugin.PluginManager.enablePlugin(PluginManager.java:439) [nukkit-357.jar:?]
	at cn.nukkit.Server.enablePlugin(Server.java:733) [nukkit-357.jar:?]
	at cn.nukkit.Server.enablePlugins(Server.java:722) [nukkit-357.jar:?]
	at cn.nukkit.Server.<init>(Server.java:558) [nukkit-357.jar:?]
	at cn.nukkit.Nukkit.main(Nukkit.java:112) [nukkit-357.jar:?]
2019-12-24 22:41:30.240 [main] INFO  - [GCape] Successfully enabled GCapes!
2019-12-24 22:41:30.251 [main] INFO  - Enabling KotlinLib v1.1
2019-12-24 22:41:30.254 [main] INFO  - Enabling LoveRTP v1
2019-12-24 22:41:30.266 [main] INFO  - §8[§bLoveRTP§8] §rv1§a Enabled
2019-12-24 22:41:30.271 [main] INFO  - Enabling MultiWorld v1.0
2019-12-24 22:41:30.275 [main] INFO  - Enabling Pets v1.3
2019-12-24 22:41:30.295 [main] INFO  - Enabling PlaceholderAPI v1.3.1
2019-12-24 22:41:30.305 [main] INFO  - Enabling Pokkit v0.9.1
2019-12-24 22:41:30.335 [main] INFO  - Enabling ReportSystem v1.0-SNAPSHOT
2019-12-24 22:41:30.339 [main] INFO  - [ReportSystem] Starting ReportSystem...
2019-12-24 22:41:30.342 [main] INFO  - [ReportSystem] Loading all components...
2019-12-24 22:41:30.370 [main] INFO  - [ReportSystem] Using config...
2019-12-24 22:41:30.373 [main] INFO  - [ReportSystem] §aPlugin successfully started.
2019-12-24 22:41:30.376 [main] INFO  - Enabling Scale v2.1
2019-12-24 22:41:30.389 [main] INFO  - Enabling SeeInv v1.0
2019-12-24 22:41:30.394 [main] INFO  - Enabling Trading_Interface v1.0.2
2019-12-24 22:41:30.430 [main] INFO  - Enabling ChestShop v1.1.1
2019-12-24 22:41:30.493 [main] INFO  - Enabling Multipass v${pom.version}
2019-12-24 22:41:30.608 [main] INFO  - [Multipass] §aData provider: §2YAML§a
2019-12-24 22:41:30.630 [main] INFO  - Enabling MultiChat v1.0.2
2019-12-24 22:41:31.025 [main] INFO  - Starting GS4 status listener
2019-12-24 22:41:31.043 [main] INFO  - Setting query port to 19132
2019-12-24 22:41:31.052 [main] INFO  - Query is running on 0.0.0.0:19132
2019-12-24 22:41:31.066 [main] INFO  - Default game type: Survival Mode
2019-12-24 22:41:31.158 [main] INFO  - Done (19.396s)! For help, type "help" or "?"
2019-12-24 22:41:34.002 [Nukkit Asynchronous Task Handler #0] INFO  - [Pokkit] [Vault] Checking for Updates ... 
2019-12-24 22:41:34.650 [Nukkit Asynchronous Task Handler #0] INFO  - [Pokkit] [Vault] No new version available
2019-12-24 22:42:07.807 [main] INFO  - §bLemonSqueezy360§f[/192.168.1.254:19133] logged in with entity id 1 at (cruiser, -949.9203, 235.0, -486.7501)
2019-12-24 22:42:14.426 [main] INFO  - §bBeasty6000§f[/173.75.62.21:59400] logged in with entity id 4 at (cruiser, -947.898, 235.0, -521.9609)
2019-12-24 22:42:17.487 [main] INFO  - §eLemonSqueezy360 joined the game
2019-12-24 22:42:21.328 [main] INFO  - §eBeasty6000 joined the game
2019-12-24 22:42:43.401 [main] FATAL - Could not pass event "cn.nukkit.event.player.PlayerFormRespondedEvent" to "ReportSystem v1.0-SNAPSHOT": null on net.llamadevelopment.reportsystem.listeners.FormListener
2019-12-24 22:42:43.406 [main] ERROR - Throwing
cn.nukkit.utils.EventException: null
	at cn.nukkit.plugin.MethodEventExecutor.execute(MethodEventExecutor.java:34) ~[nukkit-357.jar:?]
	at cn.nukkit.plugin.RegisteredListener.callEvent(RegisteredListener.java:56) ~[nukkit-357.jar:?]
	at cn.nukkit.plugin.PluginManager.callEvent(PluginManager.java:546) ~[nukkit-357.jar:?]
	at cn.nukkit.Player.handleDataPacket(Player.java:2609) ~[nukkit-357.jar:?]
	at java.util.ArrayList.forEach(Unknown Source) [?:1.8.0_211]
	at cn.nukkit.network.Network.processPackets(Network.java:197) [nukkit-357.jar:?]
	at cn.nukkit.network.Network.processBatch(Network.java:180) [nukkit-357.jar:?]
	at cn.nukkit.Player.handleDataPacket(Player.java:2092) [nukkit-357.jar:?]
	at cn.nukkit.network.RakNetInterface.handleEncapsulated(RakNetInterface.java:157) [nukkit-357.jar:?]
	at cn.nukkit.raknet.server.ServerHandler.handlePacket(ServerHandler.java:132) [nukkit-357.jar:?]
	at cn.nukkit.network.RakNetInterface.process(RakNetInterface.java:66) [nukkit-357.jar:?]
	at cn.nukkit.network.Network.processInterfaces(Network.java:83) [nukkit-357.jar:?]
	at cn.nukkit.Server.tick(Server.java:1124) [nukkit-357.jar:?]
	at cn.nukkit.Server.tickProcessor(Server.java:903) [nukkit-357.jar:?]
	at cn.nukkit.Server.start(Server.java:880) [nukkit-357.jar:?]
	at cn.nukkit.Server.<init>(Server.java:565) [nukkit-357.jar:?]
	at cn.nukkit.Nukkit.main(Nukkit.java:112) [nukkit-357.jar:?]
Caused by: java.lang.NullPointerException
	at net.llamadevelopment.reportsystem.listeners.FormListener.on(FormListener.java:77) ~[?:?]
	at sun.reflect.NativeMethodAccessorImpl.invoke0(Native Method) ~[?:1.8.0_211]
	at sun.reflect.NativeMethodAccessorImpl.invoke(Unknown Source) ~[?:1.8.0_211]
	at sun.reflect.DelegatingMethodAccessorImpl.invoke(Unknown Source) ~[?:1.8.0_211]
	at java.lang.reflect.Method.invoke(Unknown Source) ~[?:1.8.0_211]
	at cn.nukkit.plugin.MethodEventExecutor.execute(MethodEventExecutor.java:29) ~[nukkit-357.jar:?]
	... 16 more
2019-12-24 22:42:44.985 [main] FATAL - Could not pass event "cn.nukkit.event.player.PlayerFormRespondedEvent" to "ReportSystem v1.0-SNAPSHOT": null on net.llamadevelopment.reportsystem.listeners.FormListener
2019-12-24 22:42:44.991 [main] ERROR - Throwing
cn.nukkit.utils.EventException: null
	at cn.nukkit.plugin.MethodEventExecutor.execute(MethodEventExecutor.java:34) ~[nukkit-357.jar:?]
	at cn.nukkit.plugin.RegisteredListener.callEvent(RegisteredListener.java:56) ~[nukkit-357.jar:?]
	at cn.nukkit.plugin.PluginManager.callEvent(PluginManager.java:546) ~[nukkit-357.jar:?]
	at cn.nukkit.Player.handleDataPacket(Player.java:2609) ~[nukkit-357.jar:?]
	at java.util.ArrayList.forEach(Unknown Source) [?:1.8.0_211]
	at cn.nukkit.network.Network.processPackets(Network.java:197) [nukkit-357.jar:?]
	at cn.nukkit.network.Network.processBatch(Network.java:180) [nukkit-357.jar:?]
	at cn.nukkit.Player.handleDataPacket(Player.java:2092) [nukkit-357.jar:?]
	at cn.nukkit.network.RakNetInterface.handleEncapsulated(RakNetInterface.java:157) [nukkit-357.jar:?]
	at cn.nukkit.raknet.server.ServerHandler.handlePacket(ServerHandler.java:132) [nukkit-357.jar:?]
	at cn.nukkit.network.RakNetInterface.process(RakNetInterface.java:66) [nukkit-357.jar:?]
	at cn.nukkit.network.Network.processInterfaces(Network.java:83) [nukkit-357.jar:?]
	at cn.nukkit.Server.tick(Server.java:1124) [nukkit-357.jar:?]
	at cn.nukkit.Server.tickProcessor(Server.java:903) [nukkit-357.jar:?]
	at cn.nukkit.Server.start(Server.java:880) [nukkit-357.jar:?]
	at cn.nukkit.Server.<init>(Server.java:565) [nukkit-357.jar:?]
	at cn.nukkit.Nukkit.main(Nukkit.java:112) [nukkit-357.jar:?]
Caused by: java.lang.NullPointerException
	at net.llamadevelopment.reportsystem.listeners.FormListener.on(FormListener.java:77) ~[?:?]
	at sun.reflect.NativeMethodAccessorImpl.invoke0(Native Method) ~[?:1.8.0_211]
	at sun.reflect.NativeMethodAccessorImpl.invoke(Unknown Source) ~[?:1.8.0_211]
	at sun.reflect.DelegatingMethodAccessorImpl.invoke(Unknown Source) ~[?:1.8.0_211]
	at java.lang.reflect.Method.invoke(Unknown Source) ~[?:1.8.0_211]
	at cn.nukkit.plugin.MethodEventExecutor.execute(MethodEventExecutor.java:29) ~[nukkit-357.jar:?]
	... 16 more
2019-12-24 22:42:46.982 [main] FATAL - Could not pass event "cn.nukkit.event.player.PlayerFormRespondedEvent" to "ReportSystem v1.0-SNAPSHOT": null on net.llamadevelopment.reportsystem.listeners.FormListener
2019-12-24 22:42:46.991 [main] ERROR - Throwing
cn.nukkit.utils.EventException: null
	at cn.nukkit.plugin.MethodEventExecutor.execute(MethodEventExecutor.java:34) ~[nukkit-357.jar:?]
	at cn.nukkit.plugin.RegisteredListener.callEvent(RegisteredListener.java:56) ~[nukkit-357.jar:?]
	at cn.nukkit.plugin.PluginManager.callEvent(PluginManager.java:546) ~[nukkit-357.jar:?]
	at cn.nukkit.Player.handleDataPacket(Player.java:2609) ~[nukkit-357.jar:?]
	at java.util.ArrayList.forEach(Unknown Source) [?:1.8.0_211]
	at cn.nukkit.network.Network.processPackets(Network.java:197) [nukkit-357.jar:?]
	at cn.nukkit.network.Network.processBatch(Network.java:180) [nukkit-357.jar:?]
	at cn.nukkit.Player.handleDataPacket(Player.java:2092) [nukkit-357.jar:?]
	at cn.nukkit.network.RakNetInterface.handleEncapsulated(RakNetInterface.java:157) [nukkit-357.jar:?]
	at cn.nukkit.raknet.server.ServerHandler.handlePacket(ServerHandler.java:132) [nukkit-357.jar:?]
	at cn.nukkit.network.RakNetInterface.process(RakNetInterface.java:66) [nukkit-357.jar:?]
	at cn.nukkit.network.Network.processInterfaces(Network.java:83) [nukkit-357.jar:?]
	at cn.nukkit.Server.tick(Server.java:1124) [nukkit-357.jar:?]
	at cn.nukkit.Server.tickProcessor(Server.java:903) [nukkit-357.jar:?]
	at cn.nukkit.Server.start(Server.java:880) [nukkit-357.jar:?]
	at cn.nukkit.Server.<init>(Server.java:565) [nukkit-357.jar:?]
	at cn.nukkit.Nukkit.main(Nukkit.java:112) [nukkit-357.jar:?]
Caused by: java.lang.NullPointerException
	at net.llamadevelopment.reportsystem.listeners.FormListener.on(FormListener.java:77) ~[?:?]
	at sun.reflect.NativeMethodAccessorImpl.invoke0(Native Method) ~[?:1.8.0_211]
	at sun.reflect.NativeMethodAccessorImpl.invoke(Unknown Source) ~[?:1.8.0_211]
	at sun.reflect.DelegatingMethodAccessorImpl.invoke(Unknown Source) ~[?:1.8.0_211]
	at java.lang.reflect.Method.invoke(Unknown Source) ~[?:1.8.0_211]
	at cn.nukkit.plugin.MethodEventExecutor.execute(MethodEventExecutor.java:29) ~[nukkit-357.jar:?]
	... 16 more
2019-12-24 22:42:51.582 [main] FATAL - Could not pass event "cn.nukkit.event.player.PlayerFormRespondedEvent" to "ReportSystem v1.0-SNAPSHOT": null on net.llamadevelopment.reportsystem.listeners.FormListener
2019-12-24 22:42:51.587 [main] ERROR - Throwing
cn.nukkit.utils.EventException: null
	at cn.nukkit.plugin.MethodEventExecutor.execute(MethodEventExecutor.java:34) ~[nukkit-357.jar:?]
	at cn.nukkit.plugin.RegisteredListener.callEvent(RegisteredListener.java:56) ~[nukkit-357.jar:?]
	at cn.nukkit.plugin.PluginManager.callEvent(PluginManager.java:546) ~[nukkit-357.jar:?]
	at cn.nukkit.Player.handleDataPacket(Player.java:2609) ~[nukkit-357.jar:?]
	at java.util.ArrayList.forEach(Unknown Source) [?:1.8.0_211]
	at cn.nukkit.network.Network.processPackets(Network.java:197) [nukkit-357.jar:?]
	at cn.nukkit.network.Network.processBatch(Network.java:180) [nukkit-357.jar:?]
	at cn.nukkit.Player.handleDataPacket(Player.java:2092) [nukkit-357.jar:?]
	at cn.nukkit.network.RakNetInterface.handleEncapsulated(RakNetInterface.java:157) [nukkit-357.jar:?]
	at cn.nukkit.raknet.server.ServerHandler.handlePacket(ServerHandler.java:132) [nukkit-357.jar:?]
	at cn.nukkit.network.RakNetInterface.process(RakNetInterface.java:66) [nukkit-357.jar:?]
	at cn.nukkit.network.Network.processInterfaces(Network.java:83) [nukkit-357.jar:?]
	at cn.nukkit.Server.tick(Server.java:1124) [nukkit-357.jar:?]
	at cn.nukkit.Server.tickProcessor(Server.java:903) [nukkit-357.jar:?]
	at cn.nukkit.Server.start(Server.java:880) [nukkit-357.jar:?]
	at cn.nukkit.Server.<init>(Server.java:565) [nukkit-357.jar:?]
	at cn.nukkit.Nukkit.main(Nukkit.java:112) [nukkit-357.jar:?]
Caused by: java.lang.NullPointerException
	at net.llamadevelopment.reportsystem.listeners.FormListener.on(FormListener.java:77) ~[?:?]
	at sun.reflect.NativeMethodAccessorImpl.invoke0(Native Method) ~[?:1.8.0_211]
	at sun.reflect.NativeMethodAccessorImpl.invoke(Unknown Source) ~[?:1.8.0_211]
	at sun.reflect.DelegatingMethodAccessorImpl.invoke(Unknown Source) ~[?:1.8.0_211]
	at java.lang.reflect.Method.invoke(Unknown Source) ~[?:1.8.0_211]
	at cn.nukkit.plugin.MethodEventExecutor.execute(MethodEventExecutor.java:29) ~[nukkit-357.jar:?]
	... 16 more
2019-12-24 22:42:53.737 [main] FATAL - Could not pass event "cn.nukkit.event.player.PlayerFormRespondedEvent" to "ReportSystem v1.0-SNAPSHOT": null on net.llamadevelopment.reportsystem.listeners.FormListener
2019-12-24 22:42:53.741 [main] ERROR - Throwing
cn.nukkit.utils.EventException: null
	at cn.nukkit.plugin.MethodEventExecutor.execute(MethodEventExecutor.java:34) ~[nukkit-357.jar:?]
	at cn.nukkit.plugin.RegisteredListener.callEvent(RegisteredListener.java:56) ~[nukkit-357.jar:?]
	at cn.nukkit.plugin.PluginManager.callEvent(PluginManager.java:546) ~[nukkit-357.jar:?]
	at cn.nukkit.Player.handleDataPacket(Player.java:2609) ~[nukkit-357.jar:?]
	at java.util.ArrayList.forEach(Unknown Source) [?:1.8.0_211]
	at cn.nukkit.network.Network.processPackets(Network.java:197) [nukkit-357.jar:?]
	at cn.nukkit.network.Network.processBatch(Network.java:180) [nukkit-357.jar:?]
	at cn.nukkit.Player.handleDataPacket(Player.java:2092) [nukkit-357.jar:?]
	at cn.nukkit.network.RakNetInterface.handleEncapsulated(RakNetInterface.java:157) [nukkit-357.jar:?]
	at cn.nukkit.raknet.server.ServerHandler.handlePacket(ServerHandler.java:132) [nukkit-357.jar:?]
	at cn.nukkit.network.RakNetInterface.process(RakNetInterface.java:66) [nukkit-357.jar:?]
	at cn.nukkit.network.Network.processInterfaces(Network.java:83) [nukkit-357.jar:?]
	at cn.nukkit.Server.tick(Server.java:1124) [nukkit-357.jar:?]
	at cn.nukkit.Server.tickProcessor(Server.java:903) [nukkit-357.jar:?]
	at cn.nukkit.Server.start(Server.java:880) [nukkit-357.jar:?]
	at cn.nukkit.Server.<init>(Server.java:565) [nukkit-357.jar:?]
	at cn.nukkit.Nukkit.main(Nukkit.java:112) [nukkit-357.jar:?]
Caused by: java.lang.NullPointerException
	at net.llamadevelopment.reportsystem.listeners.FormListener.on(FormListener.java:77) ~[?:?]
	at sun.reflect.NativeMethodAccessorImpl.invoke0(Native Method) ~[?:1.8.0_211]
	at sun.reflect.NativeMethodAccessorImpl.invoke(Unknown Source) ~[?:1.8.0_211]
	at sun.reflect.DelegatingMethodAccessorImpl.invoke(Unknown Source) ~[?:1.8.0_211]
	at java.lang.reflect.Method.invoke(Unknown Source) ~[?:1.8.0_211]
	at cn.nukkit.plugin.MethodEventExecutor.execute(MethodEventExecutor.java:29) ~[nukkit-357.jar:?]
	... 16 more
2019-12-24 22:43:52.594 [main] INFO  - §b[Owner]§fBeasty6000: hio
2019-12-24 22:44:24.692 [main] INFO  - §e§a§6LemonSqueezy360§e:  left the game
2019-12-24 22:44:24.696 [main] INFO  - §bLemonSqueezy360§f[/192.168.1.254:19133] logged out due to client disconnect
2019-12-24 22:44:38.761 [main] INFO  - [Beasty6000: Stopping the server]
2019-12-24 22:44:38.820 [main] INFO  - §e§a§6Beasty6000§e:  left the game
2019-12-24 22:44:38.824 [main] INFO  - §bBeasty6000§f[/173.75.62.21:59400] logged out due to Server closed
2019-12-24 22:44:38.829 [main] INFO  - Disabling MultiChat v1.0.2
2019-12-24 22:44:38.843 [main] INFO  - Disabling Multipass v${pom.version}
2019-12-24 22:44:38.848 [main] INFO  - Disabling Holograms v3.1.3
2019-12-24 22:44:38.924 [main] INFO  - Disabling ChestShop v1.1.1
2019-12-24 22:44:38.928 [main] INFO  - Disabling Trading_Interface v1.0.2
2019-12-24 22:44:38.935 [main] INFO  - Disabling SRegionProtector v20.2
2019-12-24 22:44:38.940 [main] INFO  - [§eSRegionProtector§f] §aStarting saving...
2019-12-24 22:44:38.961 [main] INFO  - [§eSRegionProtector§f] §aSaved 3 regions
2019-12-24 22:44:38.973 [main] INFO  - Disabling SeeInv v1.0
2019-12-24 22:44:38.977 [main] INFO  - Disabling Scale v2.1
2019-12-24 22:44:38.985 [main] INFO  - Disabling ReportSystem v1.0-SNAPSHOT
2019-12-24 22:44:38.992 [main] INFO  - [ReportSystem] Disabling ReportSystem...
2019-12-24 22:44:38.996 [main] INFO  - Disabling QuickSpawns v1.0
2019-12-24 22:44:39.003 [main] INFO  - [QuickSpawns] Disabling QuickSpawns..
2019-12-24 22:44:39.009 [main] INFO  - Disabling Pokkit v0.9.1
2019-12-24 22:44:39.034 [main] INFO  - [Pokkit] [Vault] Disabling Vault v1.7.2-b107
2019-12-24 22:44:39.039 [main] INFO  - Disabling PlaceholderAPI v1.3.1
2019-12-24 22:44:39.045 [main] INFO  - Disabling Pets v1.3
2019-12-24 22:44:39.054 [main] INFO  - Disabling MultiWorld v1.0
2019-12-24 22:44:39.061 [main] INFO  - Disabling LoveRTP v1
2019-12-24 22:44:39.066 [main] INFO  - §8[§bLoveRTP§8] §r§cDisabled
2019-12-24 22:44:39.070 [main] INFO  - Disabling KotlinLib v1.1
2019-12-24 22:44:39.076 [main] INFO  - Disabling GCape v2.2
2019-12-24 22:44:39.085 [main] INFO  - Disabling FastAsyncWorldEdit v19.03.29-d13b946-1257-22.0.14
2019-12-24 22:44:39.093 [main] INFO  - Disabling FakeInventories v1.0.3
2019-12-24 22:44:39.101 [main] INFO  - Disabling Factions v1.7.0
2019-12-24 22:44:39.134 [main] INFO  - [Factions] [Factions v1.7.0] Disabled
2019-12-24 22:44:39.138 [main] INFO  - Disabling EssentialsNK v1.8.0
2019-12-24 22:44:39.143 [main] INFO  - Disabling EconomyJob v1.0
2019-12-24 22:44:39.153 [main] INFO  - Disabling EconomyAPI v2.0.1
2019-12-24 22:44:39.168 [main] INFO  - Disabling DiscordChat v2.0-beta
2019-12-24 22:44:39.175 [main] INFO  - Disabling CustomEnchantsNK v1.0.0-beta3
2019-12-24 22:44:39.190 [main] INFO  - Disabling AutoCleaner v1.0.1
2019-12-24 22:44:39.201 [main] INFO  - Unloading level "§acruiser§f"
2019-12-24 22:44:40.299 [main] INFO  - Unloading level "§anether§f"
2019-12-24 22:44:40.404 [main] INFO  - Stopping other threads
