2019-12-24 22:44:47.620 [main] INFO  - Loading §anukkit.yml§f ...
2019-12-24 22:44:47.915 [main] INFO  - Loading §aserver.properties§f ...
2019-12-24 22:44:47.969 [main] INFO  - Selected English (eng) as the base language
2019-12-24 22:44:47.975 [main] INFO  - Starting Minecraft: BE server version §bv1.14.0§r
2019-12-24 22:44:48.010 [main] INFO  - Selected Zlib Provider: 2 (cn.nukkit.utils.ZlibThreadLocal)
2019-12-24 22:44:48.224 [main] INFO  - Opening server on 0.0.0.0:19132
2019-12-24 22:44:48.377 [main] INFO  - This server is running Nukkit version §egit-8088000§f "§b§f" (API 1.0.9)
2019-12-24 22:44:48.404 [main] INFO  - Nukkit is distributed under the LGPL License
2019-12-24 22:44:52.414 [main] INFO  - Loading recipes...
2019-12-24 22:44:52.943 [main] INFO  - Loaded 1320 recipes.
2019-12-24 22:44:52.955 [main] INFO  - Successfully loaded 0 resource packs
2019-12-24 22:44:53.212 [main] INFO  - Loading AutoCleaner v1.0.1
2019-12-24 22:44:53.268 [main] INFO  - Loading CustomEnchantsNK v1.0.0-beta3
2019-12-24 22:44:53.303 [main] INFO  - Loading DiscordChat v2.0-beta
2019-12-24 22:44:53.338 [main] INFO  - Loading EconomyAPI v2.0.1
2019-12-24 22:44:53.409 [main] INFO  - Loading EconomyJob v1.0
2019-12-24 22:44:53.475 [main] INFO  - Loading EssentialsNK v1.8.0
2019-12-24 22:44:53.480 [RakNet Thread #14] INFO  - Epoll Status is false
2019-12-24 22:44:53.532 [main] INFO  - Loading Factions v1.7.0
2019-12-24 22:44:53.586 [main] INFO  - Loading FakeInventories v1.0.3
2019-12-24 22:44:53.633 [main] INFO  - Loading FastAsyncWorldEdit v19.03.29-d13b946-1257-22.0.14
2019-12-24 22:44:53.675 [main] INFO  - Loading GCape v2.2
2019-12-24 22:44:53.757 [main] INFO  - [GCape] Loading GCapes by G.M.
2019-12-24 22:44:53.794 [main] INFO  - Loading KotlinLib v1.1
2019-12-24 22:44:53.841 [main] INFO  - Loading LoveRTP v1
2019-12-24 22:44:53.876 [main] INFO  - Loading MultiWorld v1.0
2019-12-24 22:44:54.270 [main] INFO  - Loading Pets v1.3
2019-12-24 22:44:54.481 [main] INFO  - Loading PlaceholderAPI v1.3.1
2019-12-24 22:44:54.917 [main] INFO  - Loading Pokkit v0.9.1
2019-12-24 22:44:55.169 [main] INFO  - [Pokkit] This server is running Nukkit version v1.14.0 (Implementing API version 1.13.2-R0.1-SNAPSHOT)
2019-12-24 22:44:55.216 [main] INFO  - [Pokkit] Server permissions file C:\Users\Lemon\OneDrive\Documents\Music\Desktop\nukkit\plugins\Pokkit\permissions.yml is empty, ignoring it
2019-12-24 22:44:55.309 [main] INFO  - [Pokkit] [Vault] Enabling Vault v1.7.2-b107
2019-12-24 22:44:55.525 [main] INFO  - [Pokkit] [Vault] [Permission] SuperPermissions loaded as backup permission system.
2019-12-24 22:44:55.633 [main] INFO  - [Pokkit] [Vault] Enabled Version 1.7.2-b107
2019-12-24 22:44:55.642 [main] INFO  - Loading QuickSpawns v1.0
2019-12-24 22:44:55.666 [main] INFO  - [QuickSpawns] Loading QuickSpawns...
2019-12-24 22:44:55.678 [main] INFO  - Loading ReportSystem v1.0-SNAPSHOT
2019-12-24 22:44:55.707 [main] INFO  - Loading Scale v2.1
2019-12-24 22:44:55.725 [main] INFO  - Loading SeeInv v1.0
2019-12-24 22:44:55.760 [main] INFO  - Loading SRegionProtector v20.2
2019-12-24 22:44:55.814 [main] INFO  - Loading Trading_Interface v1.0.2
2019-12-24 22:44:55.834 [main] INFO  - Loading ChestShop v1.1.1
2019-12-24 22:44:55.867 [main] INFO  - Loading Holograms v3.1.3
2019-12-24 22:44:55.940 [main] INFO  - [Holograms] Loading characters...
2019-12-24 22:44:56.274 [main] INFO  - [Holograms] Loading config...
2019-12-24 22:44:56.309 [main] INFO  - [Holograms] Loading placeholders
2019-12-24 22:44:56.317 [main] INFO  - [Holograms] Registering default grid sources
2019-12-24 22:44:56.353 [main] INFO  - Loading Multipass v${pom.version}
2019-12-24 22:44:56.375 [main] INFO  - Loading MultiChat v1.0.2
2019-12-24 22:44:56.394 [main] INFO  - Enabling QuickSpawns v1.0
2019-12-24 22:44:56.406 [main] INFO  - [QuickSpawns] Enabling QuickSpawns..
2019-12-24 22:44:56.430 [main] INFO  - Enabling SRegionProtector v20.2
2019-12-24 22:44:56.619 [main] INFO  - [§eSRegionProtector§f] §aData provider was set to YAML
2019-12-24 22:44:56.973 [main] INFO  - [§eSRegionProtector§f] §aLoaded 3 regions and 96 chunks
2019-12-24 22:44:57.260 [main] INFO  - Enabling Holograms v3.1.3
2019-12-24 22:44:57.265 [main] INFO  - [Holograms] Loading grid config...
2019-12-24 22:44:57.287 [main] INFO  - [Holograms] Loading holograms
2019-12-24 22:44:57.497 [main] INFO  - Preparing level "§acruiser§f"
2019-12-24 22:44:57.575 [main] INFO  - Preparing level "§anether§f"
2019-12-24 22:44:57.587 [main] INFO  - Enabling AutoCleaner v1.0.1
2019-12-24 22:44:57.592 [main] INFO  - [AutoCleaner] §2Plugin by Extollite
2019-12-24 22:44:57.608 [main] INFO  - Enabling CustomEnchantsNK v1.0.0-beta3
2019-12-24 22:44:57.671 [main] INFO  - Enabling DiscordChat v2.0-beta
2019-12-24 22:45:02.820 [main] INFO  - Enabling EconomyAPI v2.0.1
2019-12-24 22:45:03.001 [main] WARN  - [EconomyAPI] Data provider was set to: Yaml
2019-12-24 22:45:03.025 [main] INFO  - Enabling EconomyJob v1.0
2019-12-24 22:45:03.054 [main] INFO  - Enabling EssentialsNK v1.8.0
2019-12-24 22:45:03.250 [main] INFO  - [EssentialsNK] EssentialsNK Loaded!
2019-12-24 22:45:03.255 [main] INFO  - Enabling Factions v1.7.0
2019-12-24 22:45:03.262 [main] INFO  - [Factions] [Factions v1.7.0] === ENABLE START ===
2019-12-24 22:45:03.456 [main] INFO  - [Factions] [Factions v1.7.0] Loading board from disk
2019-12-24 22:45:03.594 [main] INFO  - [Factions] [Factions v1.7.0] === ENABLE DONE (Took 326ms) ===
2019-12-24 22:45:03.600 [main] INFO  - Enabling FakeInventories v1.0.3
2019-12-24 22:45:03.616 [main] INFO  - Enabling FastAsyncWorldEdit v19.03.29-d13b946-1257-22.0.14
2019-12-24 22:45:06.346 [main] INFO  - Enabling GCape v2.2
2019-12-24 22:45:06.372 [main] ERROR - [GCape] An unexpected occurred when parsing capes: 
java.lang.ClassCastException: cn.nukkit.utils.SerializedImage cannot be cast to [B
	at CapeListener.<init>(CapeListener.java:19) ~[GCape.jar:?]
	at GCapes.onEnable(GCapes.java:52) [GCape.jar:?]
	at cn.nukkit.plugin.PluginBase.setEnabled(PluginBase.java:89) [nukkit-357.jar:?]
	at cn.nukkit.plugin.JavaPluginLoader.enablePlugin(JavaPluginLoader.java:117) [nukkit-357.jar:?]
	at cn.nukkit.plugin.PluginManager.enablePlugin(PluginManager.java:439) [nukkit-357.jar:?]
	at cn.nukkit.Server.enablePlugin(Server.java:733) [nukkit-357.jar:?]
	at cn.nukkit.Server.enablePlugins(Server.java:722) [nukkit-357.jar:?]
	at cn.nukkit.Server.<init>(Server.java:558) [nukkit-357.jar:?]
	at cn.nukkit.Nukkit.main(Nukkit.java:112) [nukkit-357.jar:?]
2019-12-24 22:45:06.389 [main] INFO  - [GCape] Successfully enabled GCapes!
2019-12-24 22:45:06.404 [main] INFO  - Enabling KotlinLib v1.1
2019-12-24 22:45:06.408 [main] INFO  - Enabling LoveRTP v1
2019-12-24 22:45:06.424 [main] INFO  - §8[§bLoveRTP§8] §rv1§a Enabled
2019-12-24 22:45:06.435 [main] INFO  - Enabling MultiWorld v1.0
2019-12-24 22:45:06.439 [main] INFO  - Enabling Pets v1.3
2019-12-24 22:45:06.470 [main] INFO  - Enabling PlaceholderAPI v1.3.1
2019-12-24 22:45:06.477 [main] INFO  - Enabling Pokkit v0.9.1
2019-12-24 22:45:06.520 [main] INFO  - Enabling ReportSystem v1.0-SNAPSHOT
2019-12-24 22:45:06.524 [main] INFO  - [ReportSystem] Starting ReportSystem...
2019-12-24 22:45:06.527 [main] INFO  - [ReportSystem] Loading all components...
2019-12-24 22:45:06.566 [main] INFO  - [ReportSystem] Using config...
2019-12-24 22:45:06.573 [main] INFO  - [ReportSystem] §aPlugin successfully started.
2019-12-24 22:45:06.576 [main] INFO  - Enabling Scale v2.1
2019-12-24 22:45:06.594 [main] INFO  - Enabling SeeInv v1.0
2019-12-24 22:45:06.597 [main] INFO  - Enabling Trading_Interface v1.0.2
2019-12-24 22:45:06.652 [main] INFO  - Enabling ChestShop v1.1.1
2019-12-24 22:45:06.728 [main] INFO  - Enabling Multipass v${pom.version}
2019-12-24 22:45:06.823 [main] INFO  - [Multipass] §aData provider: §2YAML§a
2019-12-24 22:45:06.842 [main] INFO  - Enabling MultiChat v1.0.2
2019-12-24 22:45:07.060 [main] INFO  - Starting GS4 status listener
2019-12-24 22:45:07.064 [main] INFO  - Setting query port to 19132
2019-12-24 22:45:07.073 [main] INFO  - Query is running on 0.0.0.0:19132
2019-12-24 22:45:07.086 [main] INFO  - Default game type: Survival Mode
2019-12-24 22:45:07.098 [main] INFO  - Done (19.724s)! For help, type "help" or "?"
2019-12-24 22:45:09.772 [Nukkit Asynchronous Task Handler #0] INFO  - [Pokkit] [Vault] Checking for Updates ... 
2019-12-24 22:45:10.434 [Nukkit Asynchronous Task Handler #0] INFO  - [Pokkit] [Vault] No new version available
2019-12-24 22:45:19.372 [main] INFO  - §bLemonSqueezy360§f[/192.168.1.254:19133] logged in with entity id 1 at (cruiser, -947.9687, 235.0, -490.9663)
2019-12-24 22:45:25.446 [main] INFO  - §bBeasty6000§f[/173.75.62.21:59400] logged in with entity id 2 at (cruiser, -948.4354, 235.0, -468.3989)
2019-12-24 22:45:30.013 [main] INFO  - §eLemonSqueezy360 joined the game
2019-12-24 22:45:33.067 [main] INFO  - §eBeasty6000 joined the game
2019-12-24 22:48:02.793 [main] INFO  - §6[VIP]§fLemonSqueezy360: essentialsnk.fly:
2019-12-24 22:50:15.229 [main] INFO  - §c5 seconds left to cleaning items on the ground, animals and mobs!
2019-12-24 22:50:16.229 [main] INFO  - §c4 seconds left to cleaning items on the ground, animals and mobs!
2019-12-24 22:50:17.229 [main] INFO  - §c3 seconds left to cleaning items on the ground, animals and mobs!
2019-12-24 22:50:18.229 [main] INFO  - §c2 seconds left to cleaning items on the ground, animals and mobs!
2019-12-24 22:50:19.230 [main] INFO  - §c1 second left to cleaning items on the ground, animals and mobs!
2019-12-24 22:50:20.248 [main] INFO  - §cItems on the ground, animals and mobs deleted!
2019-12-24 22:51:20.184 [Nukkit Asynchronous Task Handler #4] INFO  - [§eSRegionProtector§f] §aRemoved 0 empty chunks.
2019-12-24 22:51:20.206 [pool-4-thread-1] INFO  - [§eSRegionProtector§f] §aStarting auto save...
2019-12-24 22:51:20.227 [pool-4-thread-1] INFO  - [§eSRegionProtector§f] §a0 regions was automatically saved
2019-12-24 22:55:15.229 [main] INFO  - §c5 seconds left to cleaning items on the ground, animals and mobs!
2019-12-24 22:55:16.231 [main] INFO  - §c4 seconds left to cleaning items on the ground, animals and mobs!
2019-12-24 22:55:17.229 [main] INFO  - §c3 seconds left to cleaning items on the ground, animals and mobs!
2019-12-24 22:55:18.229 [main] INFO  - §c2 seconds left to cleaning items on the ground, animals and mobs!
2019-12-24 22:55:19.230 [main] INFO  - §c1 second left to cleaning items on the ground, animals and mobs!
2019-12-24 22:55:20.269 [main] INFO  - §cItems on the ground, animals and mobs deleted!
2019-12-24 22:57:20.183 [Nukkit Asynchronous Task Handler #3] INFO  - [§eSRegionProtector§f] §aRemoved 0 empty chunks.
2019-12-24 22:57:20.186 [pool-4-thread-1] INFO  - [§eSRegionProtector§f] §aStarting auto save...
2019-12-24 22:57:20.218 [pool-4-thread-1] INFO  - [§eSRegionProtector§f] §a0 regions was automatically saved
2019-12-24 23:00:15.232 [main] INFO  - §c5 seconds left to cleaning items on the ground, animals and mobs!
2019-12-24 23:00:16.255 [main] INFO  - §c4 seconds left to cleaning items on the ground, animals and mobs!
2019-12-24 23:00:17.257 [main] INFO  - §c3 seconds left to cleaning items on the ground, animals and mobs!
2019-12-24 23:00:18.265 [main] INFO  - §c2 seconds left to cleaning items on the ground, animals and mobs!
2019-12-24 23:00:19.243 [main] INFO  - §c1 second left to cleaning items on the ground, animals and mobs!
2019-12-24 23:00:20.357 [main] INFO  - §cItems on the ground, animals and mobs deleted!
2019-12-24 23:01:06.933 [main] FATAL - Could not pass event "cn.nukkit.event.player.PlayerFormRespondedEvent" to "ReportSystem v1.0-SNAPSHOT": null on net.llamadevelopment.reportsystem.listeners.FormListener
2019-12-24 23:01:06.955 [main] ERROR - Throwing
cn.nukkit.utils.EventException: null
	at cn.nukkit.plugin.MethodEventExecutor.execute(MethodEventExecutor.java:34) ~[nukkit-357.jar:?]
	at cn.nukkit.plugin.RegisteredListener.callEvent(RegisteredListener.java:56) ~[nukkit-357.jar:?]
	at cn.nukkit.plugin.PluginManager.callEvent(PluginManager.java:546) ~[nukkit-357.jar:?]
	at cn.nukkit.Player.handleDataPacket(Player.java:2609) ~[nukkit-357.jar:?]
	at java.util.ArrayList.forEach(Unknown Source) [?:1.8.0_211]
	at cn.nukkit.network.Network.processPackets(Network.java:197) [nukkit-357.jar:?]
	at cn.nukkit.network.Network.processBatch(Network.java:180) [nukkit-357.jar:?]
	at cn.nukkit.Player.handleDataPacket(Player.java:2092) [nukkit-357.jar:?]
	at cn.nukkit.network.RakNetInterface.handleEncapsulated(RakNetInterface.java:157) [nukkit-357.jar:?]
	at cn.nukkit.raknet.server.ServerHandler.handlePacket(ServerHandler.java:132) [nukkit-357.jar:?]
	at cn.nukkit.network.RakNetInterface.process(RakNetInterface.java:66) [nukkit-357.jar:?]
	at cn.nukkit.network.Network.processInterfaces(Network.java:83) [nukkit-357.jar:?]
	at cn.nukkit.Server.tick(Server.java:1124) [nukkit-357.jar:?]
	at cn.nukkit.Server.tickProcessor(Server.java:903) [nukkit-357.jar:?]
	at cn.nukkit.Server.start(Server.java:880) [nukkit-357.jar:?]
	at cn.nukkit.Server.<init>(Server.java:565) [nukkit-357.jar:?]
	at cn.nukkit.Nukkit.main(Nukkit.java:112) [nukkit-357.jar:?]
Caused by: java.lang.NullPointerException
	at net.llamadevelopment.reportsystem.listeners.FormListener.on(FormListener.java:77) ~[?:?]
	at sun.reflect.NativeMethodAccessorImpl.invoke0(Native Method) ~[?:1.8.0_211]
	at sun.reflect.NativeMethodAccessorImpl.invoke(Unknown Source) ~[?:1.8.0_211]
	at sun.reflect.DelegatingMethodAccessorImpl.invoke(Unknown Source) ~[?:1.8.0_211]
	at java.lang.reflect.Method.invoke(Unknown Source) ~[?:1.8.0_211]
	at cn.nukkit.plugin.MethodEventExecutor.execute(MethodEventExecutor.java:29) ~[nukkit-357.jar:?]
	... 16 more
2019-12-24 23:01:08.645 [main] FATAL - Could not pass event "cn.nukkit.event.player.PlayerFormRespondedEvent" to "ReportSystem v1.0-SNAPSHOT": null on net.llamadevelopment.reportsystem.listeners.FormListener
2019-12-24 23:01:08.651 [main] ERROR - Throwing
cn.nukkit.utils.EventException: null
	at cn.nukkit.plugin.MethodEventExecutor.execute(MethodEventExecutor.java:34) ~[nukkit-357.jar:?]
	at cn.nukkit.plugin.RegisteredListener.callEvent(RegisteredListener.java:56) ~[nukkit-357.jar:?]
	at cn.nukkit.plugin.PluginManager.callEvent(PluginManager.java:546) ~[nukkit-357.jar:?]
	at cn.nukkit.Player.handleDataPacket(Player.java:2609) ~[nukkit-357.jar:?]
	at java.util.ArrayList.forEach(Unknown Source) [?:1.8.0_211]
	at cn.nukkit.network.Network.processPackets(Network.java:197) [nukkit-357.jar:?]
	at cn.nukkit.network.Network.processBatch(Network.java:180) [nukkit-357.jar:?]
	at cn.nukkit.Player.handleDataPacket(Player.java:2092) [nukkit-357.jar:?]
	at cn.nukkit.network.RakNetInterface.handleEncapsulated(RakNetInterface.java:157) [nukkit-357.jar:?]
	at cn.nukkit.raknet.server.ServerHandler.handlePacket(ServerHandler.java:132) [nukkit-357.jar:?]
	at cn.nukkit.network.RakNetInterface.process(RakNetInterface.java:66) [nukkit-357.jar:?]
	at cn.nukkit.network.Network.processInterfaces(Network.java:83) [nukkit-357.jar:?]
	at cn.nukkit.Server.tick(Server.java:1124) [nukkit-357.jar:?]
	at cn.nukkit.Server.tickProcessor(Server.java:903) [nukkit-357.jar:?]
	at cn.nukkit.Server.start(Server.java:880) [nukkit-357.jar:?]
	at cn.nukkit.Server.<init>(Server.java:565) [nukkit-357.jar:?]
	at cn.nukkit.Nukkit.main(Nukkit.java:112) [nukkit-357.jar:?]
Caused by: java.lang.NullPointerException
	at net.llamadevelopment.reportsystem.listeners.FormListener.on(FormListener.java:77) ~[?:?]
	at sun.reflect.NativeMethodAccessorImpl.invoke0(Native Method) ~[?:1.8.0_211]
	at sun.reflect.NativeMethodAccessorImpl.invoke(Unknown Source) ~[?:1.8.0_211]
	at sun.reflect.DelegatingMethodAccessorImpl.invoke(Unknown Source) ~[?:1.8.0_211]
	at java.lang.reflect.Method.invoke(Unknown Source) ~[?:1.8.0_211]
	at cn.nukkit.plugin.MethodEventExecutor.execute(MethodEventExecutor.java:29) ~[nukkit-357.jar:?]
	... 16 more
2019-12-24 23:02:45.181 [main] INFO  - [Beasty6000: Set the time to 0]
2019-12-24 23:03:21.197 [pool-4-thread-1] INFO  - [§eSRegionProtector§f] §aStarting auto save...
2019-12-24 23:03:21.212 [pool-4-thread-1] INFO  - [§eSRegionProtector§f] §a0 regions was automatically saved
2019-12-24 23:03:21.197 [Nukkit Asynchronous Task Handler #4] INFO  - [§eSRegionProtector§f] §aRemoved 0 empty chunks.
2019-12-24 23:05:16.252 [main] INFO  - §c5 seconds left to cleaning items on the ground, animals and mobs!
2019-12-24 23:05:17.242 [main] INFO  - §c4 seconds left to cleaning items on the ground, animals and mobs!
2019-12-24 23:05:18.282 [main] INFO  - §c3 seconds left to cleaning items on the ground, animals and mobs!
2019-12-24 23:05:19.245 [main] INFO  - §c2 seconds left to cleaning items on the ground, animals and mobs!
2019-12-24 23:05:20.241 [main] INFO  - §c1 second left to cleaning items on the ground, animals and mobs!
2019-12-24 23:05:21.339 [main] INFO  - §cItems on the ground, animals and mobs deleted!
2019-12-24 23:09:21.215 [Nukkit Asynchronous Task Handler #3] INFO  - [§eSRegionProtector§f] §aRemoved 0 empty chunks.
2019-12-24 23:09:21.215 [pool-4-thread-1] INFO  - [§eSRegionProtector§f] §aStarting auto save...
2019-12-24 23:09:21.264 [pool-4-thread-1] INFO  - [§eSRegionProtector§f] §a0 regions was automatically saved
2019-12-24 23:10:16.243 [main] INFO  - §c5 seconds left to cleaning items on the ground, animals and mobs!
2019-12-24 23:10:17.243 [main] INFO  - §c4 seconds left to cleaning items on the ground, animals and mobs!
2019-12-24 23:10:18.242 [main] INFO  - §c3 seconds left to cleaning items on the ground, animals and mobs!
2019-12-24 23:10:19.242 [main] INFO  - §c2 seconds left to cleaning items on the ground, animals and mobs!
2019-12-24 23:10:20.241 [main] INFO  - §c1 second left to cleaning items on the ground, animals and mobs!
2019-12-24 23:10:21.248 [main] INFO  - §cItems on the ground, animals and mobs deleted!
2019-12-24 23:12:30.193 [main] INFO  - [CONSOLE: Stopping the server]
2019-12-24 23:12:30.277 [main] INFO  - §e§a§6LemonSqueezy360§e:  left the game
2019-12-24 23:12:30.297 [main] INFO  - §bLemonSqueezy360§f[/192.168.1.254:19133] logged out due to Server closed
2019-12-24 23:12:30.359 [main] INFO  - §e§a§6Beasty6000§e:  left the game
2019-12-24 23:12:30.368 [main] INFO  - §bBeasty6000§f[/173.75.62.21:59400] logged out due to Server closed
2019-12-24 23:12:30.426 [main] INFO  - Disabling MultiChat v1.0.2
2019-12-24 23:12:30.475 [main] INFO  - Disabling Multipass v${pom.version}
2019-12-24 23:12:30.486 [main] INFO  - Disabling Holograms v3.1.3
2019-12-24 23:12:30.768 [main] INFO  - Disabling ChestShop v1.1.1
2019-12-24 23:12:30.778 [main] INFO  - Disabling Trading_Interface v1.0.2
2019-12-24 23:12:30.804 [main] INFO  - Disabling SRegionProtector v20.2
2019-12-24 23:12:31.014 [main] INFO  - [§eSRegionProtector§f] §aStarting saving...
2019-12-24 23:12:31.051 [main] INFO  - [§eSRegionProtector§f] §aSaved 3 regions
2019-12-24 23:12:31.081 [main] INFO  - Disabling SeeInv v1.0
2019-12-24 23:12:31.114 [main] INFO  - Disabling Scale v2.1
2019-12-24 23:12:31.119 [main] INFO  - Disabling ReportSystem v1.0-SNAPSHOT
2019-12-24 23:12:31.132 [main] INFO  - [ReportSystem] Disabling ReportSystem...
2019-12-24 23:12:31.138 [main] INFO  - Disabling QuickSpawns v1.0
2019-12-24 23:12:31.152 [main] INFO  - [QuickSpawns] Disabling QuickSpawns..
2019-12-24 23:12:31.162 [main] INFO  - Disabling Pokkit v0.9.1
2019-12-24 23:12:31.187 [main] INFO  - [Pokkit] [Vault] Disabling Vault v1.7.2-b107
2019-12-24 23:12:31.197 [main] INFO  - Disabling PlaceholderAPI v1.3.1
2019-12-24 23:12:31.203 [main] INFO  - Disabling Pets v1.3
2019-12-24 23:12:31.212 [main] INFO  - Disabling MultiWorld v1.0
2019-12-24 23:12:31.216 [main] INFO  - Disabling LoveRTP v1
2019-12-24 23:12:31.226 [main] INFO  - §8[§bLoveRTP§8] §r§cDisabled
2019-12-24 23:12:31.233 [main] INFO  - Disabling KotlinLib v1.1
2019-12-24 23:12:31.237 [main] INFO  - Disabling GCape v2.2
2019-12-24 23:12:31.250 [main] INFO  - Disabling FastAsyncWorldEdit v19.03.29-d13b946-1257-22.0.14
2019-12-24 23:12:31.263 [main] INFO  - Disabling FakeInventories v1.0.3
2019-12-24 23:12:31.269 [main] INFO  - Disabling Factions v1.7.0
2019-12-24 23:12:31.303 [main] INFO  - [Factions] [Factions v1.7.0] Disabled
2019-12-24 23:12:31.309 [main] INFO  - Disabling EssentialsNK v1.8.0
2019-12-24 23:12:31.314 [main] INFO  - Disabling EconomyJob v1.0
2019-12-24 23:12:31.321 [main] INFO  - Disabling EconomyAPI v2.0.1
2019-12-24 23:12:31.333 [main] INFO  - Disabling DiscordChat v2.0-beta
2019-12-24 23:12:31.346 [main] INFO  - Disabling CustomEnchantsNK v1.0.0-beta3
2019-12-24 23:12:31.357 [main] INFO  - Disabling AutoCleaner v1.0.1
2019-12-24 23:12:31.365 [main] INFO  - Unloading level "§acruiser§f"
2019-12-24 23:12:33.095 [main] INFO  - Unloading level "§anether§f"
2019-12-24 23:12:33.209 [main] INFO  - Stopping other threads
