2019-12-24 22:32:59.876 [main] INFO  - Loading §anukkit.yml§f ...
2019-12-24 22:33:00.251 [main] INFO  - Loading §aserver.properties§f ...
2019-12-24 22:33:00.283 [main] INFO  - Selected English (eng) as the base language
2019-12-24 22:33:00.315 [main] INFO  - Starting Minecraft: BE server version §bv1.14.0§r
2019-12-24 22:33:00.354 [main] INFO  - Selected Zlib Provider: 2 (cn.nukkit.utils.ZlibThreadLocal)
2019-12-24 22:33:00.651 [main] INFO  - Opening server on 0.0.0.0:19132
2019-12-24 22:33:00.822 [main] INFO  - This server is running Nukkit version §egit-8088000§f "§b§f" (API 1.0.9)
2019-12-24 22:33:00.832 [main] INFO  - Nukkit is distributed under the LGPL License
2019-12-24 22:33:04.834 [main] INFO  - Loading recipes...
2019-12-24 22:33:05.495 [main] INFO  - Loaded 1320 recipes.
2019-12-24 22:33:05.514 [main] INFO  - Successfully loaded 0 resource packs
2019-12-24 22:33:05.797 [main] INFO  - Loading AutoCleaner v1.0.1
2019-12-24 22:33:06.058 [main] INFO  - Loading CustomEnchantsNK v1.0.0-beta3
2019-12-24 22:33:06.115 [main] INFO  - Loading DiscordChat v2.0-beta
2019-12-24 22:33:06.125 [RakNet Thread #14] INFO  - Epoll Status is false
2019-12-24 22:33:06.154 [main] INFO  - Loading EconomyAPI v2.0.1
2019-12-24 22:33:06.334 [main] INFO  - Loading EconomyJob v1.0
2019-12-24 22:33:06.425 [main] INFO  - Loading EssentialsNK v1.8.0
2019-12-24 22:33:06.476 [main] INFO  - Loading Factions v1.7.0
2019-12-24 22:33:06.511 [main] INFO  - Loading FakeInventories v1.0.3
2019-12-24 22:33:06.546 [main] INFO  - Loading FastAsyncWorldEdit v19.03.29-d13b946-1257-22.0.14
2019-12-24 22:33:06.573 [main] INFO  - Loading GCape v2.2
2019-12-24 22:33:06.613 [main] INFO  - [GCape] Loading GCapes by G.M.
2019-12-24 22:33:06.763 [main] INFO  - Loading KotlinLib v1.1
2019-12-24 22:33:07.096 [main] INFO  - Loading LoveRTP v1
2019-12-24 22:33:07.363 [main] INFO  - Loading MultiWorld v1.0
2019-12-24 22:33:07.938 [main] INFO  - Loading Pets v1.3
2019-12-24 22:33:08.293 [main] INFO  - Loading PlaceholderAPI v1.3.1
2019-12-24 22:33:08.650 [main] INFO  - Loading Pokkit v0.9.1
2019-12-24 22:33:09.709 [main] INFO  - [Pokkit] This server is running Nukkit version v1.14.0 (Implementing API version 1.13.2-R0.1-SNAPSHOT)
2019-12-24 22:33:09.883 [main] INFO  - [Pokkit] Server permissions file C:\Users\Lemon\OneDrive\Documents\Music\Desktop\nukkit\plugins\Pokkit\permissions.yml is empty, ignoring it
2019-12-24 22:33:10.035 [main] INFO  - [Pokkit] [Vault] Enabling Vault v1.7.2-b107
2019-12-24 22:33:10.266 [main] INFO  - [Pokkit] [Vault] [Permission] SuperPermissions loaded as backup permission system.
2019-12-24 22:33:10.380 [main] INFO  - [Pokkit] [Vault] Enabled Version 1.7.2-b107
2019-12-24 22:33:10.388 [main] INFO  - Loading QuickSpawns v1.0
2019-12-24 22:33:10.403 [main] INFO  - [QuickSpawns] Loading QuickSpawns...
2019-12-24 22:33:10.413 [main] INFO  - Loading ReportSystem v1.0-SNAPSHOT
2019-12-24 22:33:10.435 [main] INFO  - Loading Scale v2.1
2019-12-24 22:33:10.451 [main] INFO  - Loading SeeInv v1.0
2019-12-24 22:33:10.482 [main] INFO  - Loading SRegionProtector v20.2
2019-12-24 22:33:10.550 [main] INFO  - Loading Trading_Interface v1.0.2
2019-12-24 22:33:10.591 [main] INFO  - Loading ChestShop v1.1.1
2019-12-24 22:33:10.607 [main] INFO  - Loading Holograms v3.1.3
2019-12-24 22:33:10.647 [main] INFO  - [Holograms] Loading characters...
2019-12-24 22:33:10.925 [main] INFO  - [Holograms] Loading config...
2019-12-24 22:33:10.959 [main] INFO  - [Holograms] Loading placeholders
2019-12-24 22:33:10.966 [main] INFO  - [Holograms] Registering default grid sources
2019-12-24 22:33:10.995 [main] INFO  - Loading Multipass v${pom.version}
2019-12-24 22:33:11.009 [main] INFO  - Loading MultiChat v1.0.2
2019-12-24 22:33:11.020 [main] INFO  - Enabling QuickSpawns v1.0
2019-12-24 22:33:11.024 [main] INFO  - [QuickSpawns] Enabling QuickSpawns..
2019-12-24 22:33:11.040 [main] INFO  - Enabling SRegionProtector v20.2
2019-12-24 22:33:11.184 [main] INFO  - [§eSRegionProtector§f] §aData provider was set to YAML
2019-12-24 22:33:11.537 [main] INFO  - [§eSRegionProtector§f] §aLoaded 3 regions and 96 chunks
2019-12-24 22:33:11.844 [main] INFO  - Enabling Holograms v3.1.3
2019-12-24 22:33:11.849 [main] INFO  - [Holograms] Loading grid config...
2019-12-24 22:33:11.864 [main] INFO  - [Holograms] Loading holograms
2019-12-24 22:33:12.187 [main] INFO  - Preparing level "§acruiser§f"
2019-12-24 22:33:12.284 [main] INFO  - Preparing level "§anether§f"
2019-12-24 22:33:12.293 [main] INFO  - Enabling AutoCleaner v1.0.1
2019-12-24 22:33:12.300 [main] INFO  - [AutoCleaner] §2Plugin by Extollite
2019-12-24 22:33:12.319 [main] INFO  - Enabling CustomEnchantsNK v1.0.0-beta3
2019-12-24 22:33:12.384 [main] INFO  - Enabling DiscordChat v2.0-beta
2019-12-24 22:33:17.802 [main] INFO  - Enabling EconomyAPI v2.0.1
2019-12-24 22:33:17.984 [main] WARN  - [EconomyAPI] Data provider was set to: Yaml
2019-12-24 22:33:18.022 [main] INFO  - Enabling EconomyJob v1.0
2019-12-24 22:33:18.083 [main] INFO  - Enabling EssentialsNK v1.8.0
2019-12-24 22:33:18.270 [main] INFO  - [EssentialsNK] EssentialsNK Loaded!
2019-12-24 22:33:18.280 [main] INFO  - Enabling Factions v1.7.0
2019-12-24 22:33:18.285 [main] INFO  - [Factions] [Factions v1.7.0] === ENABLE START ===
2019-12-24 22:33:18.447 [main] INFO  - [Factions] [Factions v1.7.0] Loading board from disk
2019-12-24 22:33:18.616 [main] INFO  - [Factions] [Factions v1.7.0] === ENABLE DONE (Took 325ms) ===
2019-12-24 22:33:18.655 [main] INFO  - Enabling FakeInventories v1.0.3
2019-12-24 22:33:18.707 [main] INFO  - Enabling FastAsyncWorldEdit v19.03.29-d13b946-1257-22.0.14
2019-12-24 22:33:22.190 [main] INFO  - Enabling GCape v2.2
2019-12-24 22:33:22.286 [main] ERROR - [GCape] An unexpected occurred when parsing capes: 
java.lang.ClassCastException: cn.nukkit.utils.SerializedImage cannot be cast to [B
	at CapeListener.<init>(CapeListener.java:19) ~[GCape.jar:?]
	at GCapes.onEnable(GCapes.java:52) [GCape.jar:?]
	at cn.nukkit.plugin.PluginBase.setEnabled(PluginBase.java:89) [nukkit-357.jar:?]
	at cn.nukkit.plugin.JavaPluginLoader.enablePlugin(JavaPluginLoader.java:117) [nukkit-357.jar:?]
	at cn.nukkit.plugin.PluginManager.enablePlugin(PluginManager.java:439) [nukkit-357.jar:?]
	at cn.nukkit.Server.enablePlugin(Server.java:733) [nukkit-357.jar:?]
	at cn.nukkit.Server.enablePlugins(Server.java:722) [nukkit-357.jar:?]
	at cn.nukkit.Server.<init>(Server.java:558) [nukkit-357.jar:?]
	at cn.nukkit.Nukkit.main(Nukkit.java:112) [nukkit-357.jar:?]
2019-12-24 22:33:22.306 [main] INFO  - [GCape] Successfully enabled GCapes!
2019-12-24 22:33:22.318 [main] INFO  - Enabling KotlinLib v1.1
2019-12-24 22:33:22.332 [main] INFO  - Enabling LoveRTP v1
2019-12-24 22:33:22.349 [main] INFO  - §8[§bLoveRTP§8] §rv1§a Enabled
2019-12-24 22:33:22.353 [main] INFO  - Enabling MultiWorld v1.0
2019-12-24 22:33:22.360 [main] INFO  - Enabling Pets v1.3
2019-12-24 22:33:22.392 [main] INFO  - Enabling PlaceholderAPI v1.3.1
2019-12-24 22:33:22.404 [main] INFO  - Enabling Pokkit v0.9.1
2019-12-24 22:33:22.447 [main] INFO  - Enabling ReportSystem v1.0-SNAPSHOT
2019-12-24 22:33:22.451 [main] INFO  - [ReportSystem] Starting ReportSystem...
2019-12-24 22:33:22.456 [main] INFO  - [ReportSystem] Loading all components...
2019-12-24 22:33:22.499 [main] INFO  - [ReportSystem] Using config...
2019-12-24 22:33:22.503 [main] INFO  - [ReportSystem] §aPlugin successfully started.
2019-12-24 22:33:22.508 [main] INFO  - Enabling Scale v2.1
2019-12-24 22:33:22.532 [main] INFO  - Enabling SeeInv v1.0
2019-12-24 22:33:22.536 [main] INFO  - Enabling Trading_Interface v1.0.2
2019-12-24 22:33:22.585 [main] INFO  - Enabling ChestShop v1.1.1
2019-12-24 22:33:22.650 [main] INFO  - Enabling Multipass v${pom.version}
2019-12-24 22:33:22.747 [main] INFO  - [Multipass] §aData provider: §2YAML§a
2019-12-24 22:33:22.772 [main] INFO  - Enabling MultiChat v1.0.2
2019-12-24 22:33:22.970 [main] INFO  - Starting GS4 status listener
2019-12-24 22:33:22.973 [main] INFO  - Setting query port to 19132
2019-12-24 22:33:22.979 [main] INFO  - Query is running on 0.0.0.0:19132
2019-12-24 22:33:22.984 [main] INFO  - Default game type: Survival Mode
2019-12-24 22:33:22.988 [main] INFO  - Done (23.414s)! For help, type "help" or "?"
2019-12-24 22:33:25.654 [Nukkit Asynchronous Task Handler #2] INFO  - [Pokkit] [Vault] Checking for Updates ... 
2019-12-24 22:33:26.537 [Nukkit Asynchronous Task Handler #2] INFO  - [Pokkit] [Vault] No new version available
2019-12-24 22:34:25.903 [main] INFO  - §bLemonSqueezy360§f[/192.168.1.254:19133] logged in with entity id 2 at (cruiser, -949.4629, 235.0, -536.2171)
2019-12-24 22:34:29.936 [main] INFO  - §eLemonSqueezy360 joined the game
2019-12-24 22:38:30.060 [main] INFO  - §c5 seconds left to cleaning items on the ground, animals and mobs!
2019-12-24 22:38:31.060 [main] INFO  - §c4 seconds left to cleaning items on the ground, animals and mobs!
2019-12-24 22:38:32.060 [main] INFO  - §c3 seconds left to cleaning items on the ground, animals and mobs!
2019-12-24 22:38:33.060 [main] INFO  - §c2 seconds left to cleaning items on the ground, animals and mobs!
2019-12-24 22:38:34.062 [main] INFO  - §c1 second left to cleaning items on the ground, animals and mobs!
2019-12-24 22:38:35.139 [main] INFO  - §cItems on the ground, animals and mobs deleted!
2019-12-24 22:39:35.024 [Nukkit Asynchronous Task Handler #3] INFO  - [§eSRegionProtector§f] §aRemoved 0 empty chunks.
2019-12-24 22:39:35.095 [pool-4-thread-1] INFO  - [§eSRegionProtector§f] §aStarting auto save...
2019-12-24 22:39:35.176 [pool-4-thread-1] INFO  - [§eSRegionProtector§f] §a0 regions was automatically saved
2019-12-24 22:40:51.113 [main] INFO  - [CONSOLE: De-opped LemonSqueezy360]
2019-12-24 22:40:54.576 [main] INFO  - [CONSOLE: Stopping the server]
2019-12-24 22:40:54.641 [main] INFO  - §e§6[VIP] §fLemonSqueezy360 left the game
2019-12-24 22:40:54.652 [main] INFO  - §bLemonSqueezy360§f[/192.168.1.254:19133] logged out due to Server closed
2019-12-24 22:40:54.660 [main] INFO  - Disabling MultiChat v1.0.2
2019-12-24 22:40:54.699 [main] INFO  - Disabling Multipass v${pom.version}
2019-12-24 22:40:54.710 [main] INFO  - Disabling Holograms v3.1.3
2019-12-24 22:40:54.805 [main] INFO  - Disabling ChestShop v1.1.1
2019-12-24 22:40:54.820 [main] INFO  - Disabling Trading_Interface v1.0.2
2019-12-24 22:40:54.834 [main] INFO  - Disabling SRegionProtector v20.2
2019-12-24 22:40:54.854 [main] INFO  - [§eSRegionProtector§f] §aStarting saving...
2019-12-24 22:40:54.936 [main] INFO  - [§eSRegionProtector§f] §aSaved 3 regions
2019-12-24 22:40:54.963 [main] INFO  - Disabling SeeInv v1.0
2019-12-24 22:40:55.001 [main] INFO  - Disabling Scale v2.1
2019-12-24 22:40:55.083 [main] INFO  - Disabling ReportSystem v1.0-SNAPSHOT
2019-12-24 22:40:55.292 [main] INFO  - [ReportSystem] Disabling ReportSystem...
2019-12-24 22:40:55.343 [main] INFO  - Disabling QuickSpawns v1.0
2019-12-24 22:40:55.433 [main] INFO  - [QuickSpawns] Disabling QuickSpawns..
2019-12-24 22:40:55.453 [main] INFO  - Disabling Pokkit v0.9.1
2019-12-24 22:40:55.483 [main] INFO  - [Pokkit] [Vault] Disabling Vault v1.7.2-b107
2019-12-24 22:40:55.490 [main] INFO  - Disabling PlaceholderAPI v1.3.1
2019-12-24 22:40:55.501 [main] INFO  - Disabling Pets v1.3
2019-12-24 22:40:55.507 [main] INFO  - Disabling MultiWorld v1.0
2019-12-24 22:40:55.519 [main] INFO  - Disabling LoveRTP v1
2019-12-24 22:40:55.523 [main] INFO  - §8[§bLoveRTP§8] §r§cDisabled
2019-12-24 22:40:55.533 [main] INFO  - Disabling KotlinLib v1.1
2019-12-24 22:40:55.539 [main] INFO  - Disabling GCape v2.2
2019-12-24 22:40:55.543 [main] INFO  - Disabling FastAsyncWorldEdit v19.03.29-d13b946-1257-22.0.14
2019-12-24 22:40:55.557 [main] INFO  - Disabling FakeInventories v1.0.3
2019-12-24 22:40:55.571 [main] INFO  - Disabling Factions v1.7.0
2019-12-24 22:40:55.633 [main] INFO  - [Factions] [Factions v1.7.0] Disabled
2019-12-24 22:40:55.650 [main] INFO  - Disabling EssentialsNK v1.8.0
2019-12-24 22:40:55.655 [main] INFO  - Disabling EconomyJob v1.0
2019-12-24 22:40:55.663 [main] INFO  - Disabling EconomyAPI v2.0.1
2019-12-24 22:40:55.676 [main] INFO  - Disabling DiscordChat v2.0-beta
2019-12-24 22:40:55.689 [main] INFO  - Disabling CustomEnchantsNK v1.0.0-beta3
2019-12-24 22:40:55.702 [main] INFO  - Disabling AutoCleaner v1.0.1
2019-12-24 22:40:55.718 [main] INFO  - Unloading level "§acruiser§f"
2019-12-24 22:40:58.354 [main] INFO  - Unloading level "§anether§f"
2019-12-24 22:40:59.476 [main] INFO  - Stopping other threads
